==21275== Memcheck, a memory error detector
==21275== Copyright (C) 2002-2017, and GNU GPL'd, by Julian Seward et al.
==21275== Using Valgrind-3.13.0 and LibVEX; rerun with -h for copyright info
==21275== Command: /rhome/m/mhadzic9/workspace/OR/ZSR7/Z15/.runme
==21275== Parent PID: 21262
==21275== 
==21275== 
==21275== Process terminating with default action of signal 15 (SIGTERM)
==21275==    at 0x514E081: read (read.c:27)
==21275==    by 0x50CB147: _IO_file_underflow@@GLIBC_2.2.5 (fileops.c:531)
==21275==    by 0x50CC3F1: _IO_default_uflow (genops.c:380)
==21275==    by 0x50A9BE9: _IO_vfscanf (vfscanf.c:630)
==21275==    by 0x50B9FD7: __isoc99_scanf (isoc99_scanf.c:37)
==21275==    by 0x1087E3: main (main.c:24)
==21275== 
==21275== HEAP SUMMARY:
==21275==     in use at exit: 0 bytes in 0 blocks
==21275==   total heap usage: 1 allocs, 1 frees, 1,024 bytes allocated
==21275== 
==21275== All heap blocks were freed -- no leaks are possible
==21275== 
==21275== For counts of detected and suppressed errors, rerun with: -v
==21275== ERROR SUMMARY: 0 errors from 0 contexts (suppressed: 0 from 0)
