==11425== Memcheck, a memory error detector
==11425== Copyright (C) 2002-2017, and GNU GPL'd, by Julian Seward et al.
==11425== Using Valgrind-3.13.0 and LibVEX; rerun with -h for copyright info
==11425== Command: /rhome/m/mhadzic9/workspace/OR/T7/Z2/.runme
==11425== Parent PID: 11412
==11425== 
==11425== 
==11425== Process terminating with default action of signal 1 (SIGHUP)
==11425==    at 0x514E081: read (read.c:27)
==11425==    by 0x50CB147: _IO_file_underflow@@GLIBC_2.2.5 (fileops.c:531)
==11425==    by 0x50CC3F1: _IO_default_uflow (genops.c:380)
==11425==    by 0x50A9BE9: _IO_vfscanf (vfscanf.c:630)
==11425==    by 0x50B9FD7: __isoc99_scanf (isoc99_scanf.c:37)
==11425==    by 0x10879D: main (main.c:15)
==11425== 
==11425== HEAP SUMMARY:
==11425==     in use at exit: 0 bytes in 0 blocks
==11425==   total heap usage: 1 allocs, 1 frees, 1,024 bytes allocated
==11425== 
==11425== All heap blocks were freed -- no leaks are possible
==11425== 
==11425== For counts of detected and suppressed errors, rerun with: -v
==11425== ERROR SUMMARY: 0 errors from 0 contexts (suppressed: 0 from 0)
