==9703== Memcheck, a memory error detector
==9703== Copyright (C) 2002-2017, and GNU GPL'd, by Julian Seward et al.
==9703== Using Valgrind-3.13.0 and LibVEX; rerun with -h for copyright info
==9703== Command: /rhome/m/mhadzic9/workspace/OR/ZSR6/Z9/.runme
==9703== Parent PID: 9690
==9703== 
==9703== Conditional jump or move depends on uninitialised value(s)
==9703==    at 0x10880D: main (main.c:13)
==9703== 
==9703== Conditional jump or move depends on uninitialised value(s)
==9703==    at 0x108838: main (main.c:13)
==9703== 
==9703== 
==9703== Process terminating with default action of signal 1 (SIGHUP)
==9703==    at 0x514E18F: read (read.c:27)
==9703==    by 0x50CB1B7: _IO_file_underflow@@GLIBC_2.2.5 (fileops.c:531)
==9703==    by 0x50CC461: _IO_default_uflow (genops.c:380)
==9703==    by 0x50A9C59: _IO_vfscanf (vfscanf.c:630)
==9703==    by 0x50BA047: __isoc99_scanf (isoc99_scanf.c:37)
==9703==    by 0x1087E7: main (main.c:12)
==9703== 
==9703== HEAP SUMMARY:
==9703==     in use at exit: 0 bytes in 0 blocks
==9703==   total heap usage: 1 allocs, 1 frees, 1,024 bytes allocated
==9703== 
==9703== All heap blocks were freed -- no leaks are possible
==9703== 
==9703== For counts of detected and suppressed errors, rerun with: -v
==9703== Use --track-origins=yes to see where uninitialised values come from
==9703== ERROR SUMMARY: 2 errors from 2 contexts (suppressed: 0 from 0)
