==6431== Memcheck, a memory error detector
==6431== Copyright (C) 2002-2017, and GNU GPL'd, by Julian Seward et al.
==6431== Using Valgrind-3.13.0 and LibVEX; rerun with -h for copyright info
==6431== Command: /rhome/m/mhadzic9/workspace/OR/ZSR2/Z21/.runme
==6431== Parent PID: 6412
==6431== 
==6431== 
==6431== Process terminating with default action of signal 15 (SIGTERM)
==6431==    at 0x514E081: read (read.c:27)
==6431==    by 0x50CB147: _IO_file_underflow@@GLIBC_2.2.5 (fileops.c:531)
==6431==    by 0x50CC3F1: _IO_default_uflow (genops.c:380)
==6431==    by 0x50A9BE9: _IO_vfscanf (vfscanf.c:630)
==6431==    by 0x50B9FD7: __isoc99_scanf (isoc99_scanf.c:37)
==6431==    by 0x1087AD: main (main.c:6)
==6431== 
==6431== HEAP SUMMARY:
==6431==     in use at exit: 0 bytes in 0 blocks
==6431==   total heap usage: 1 allocs, 1 frees, 1,024 bytes allocated
==6431== 
==6431== All heap blocks were freed -- no leaks are possible
==6431== 
==6431== For counts of detected and suppressed errors, rerun with: -v
==6431== ERROR SUMMARY: 0 errors from 0 contexts (suppressed: 0 from 0)
