==6077== Memcheck, a memory error detector
==6077== Copyright (C) 2002-2017, and GNU GPL'd, by Julian Seward et al.
==6077== Using Valgrind-3.13.0 and LibVEX; rerun with -h for copyright info
==6077== Command: /rhome/m/mhadzic9/workspace/OR/ZSR2/Z16/.runme
==6077== Parent PID: 6058
==6077== 
==6077== 
==6077== Process terminating with default action of signal 15 (SIGTERM)
==6077==    at 0x514E081: read (read.c:27)
==6077==    by 0x50CB147: _IO_file_underflow@@GLIBC_2.2.5 (fileops.c:531)
==6077==    by 0x50CC3F1: _IO_default_uflow (genops.c:380)
==6077==    by 0x50A9BE9: _IO_vfscanf (vfscanf.c:630)
==6077==    by 0x50B9FD7: __isoc99_scanf (isoc99_scanf.c:37)
==6077==    by 0x1087B1: main (main.c:6)
==6077== 
==6077== HEAP SUMMARY:
==6077==     in use at exit: 0 bytes in 0 blocks
==6077==   total heap usage: 1 allocs, 1 frees, 1,024 bytes allocated
==6077== 
==6077== All heap blocks were freed -- no leaks are possible
==6077== 
==6077== For counts of detected and suppressed errors, rerun with: -v
==6077== ERROR SUMMARY: 0 errors from 0 contexts (suppressed: 0 from 0)
