==9432== Memcheck, a memory error detector
==9432== Copyright (C) 2002-2017, and GNU GPL'd, by Julian Seward et al.
==9432== Using Valgrind-3.13.0 and LibVEX; rerun with -h for copyright info
==9432== Command: /rhome/m/mhadzic9/workspace/OR/T5/Z5/.runme
==9432== Parent PID: 9419
==9432== 
==9432== Conditional jump or move depends on uninitialised value(s)
==9432==    at 0x1087FC: main (main.c:9)
==9432== 
==9432== Conditional jump or move depends on uninitialised value(s)
==9432==    at 0x108810: main (main.c:9)
==9432== 
==9432== Conditional jump or move depends on uninitialised value(s)
==9432==    at 0x108837: main (main.c:13)
==9432== 
==9432== 
==9432== Process terminating with default action of signal 1 (SIGHUP)
==9432==    at 0x514E07F: read (read.c:27)
==9432==    by 0x50CB147: _IO_file_underflow@@GLIBC_2.2.5 (fileops.c:531)
==9432==    by 0x50CC3F1: _IO_default_uflow (genops.c:380)
==9432==    by 0x50A9BE9: _IO_vfscanf (vfscanf.c:630)
==9432==    by 0x50B9FD7: __isoc99_scanf (isoc99_scanf.c:37)
==9432==    by 0x1087E9: main (main.c:8)
==9432== 
==9432== HEAP SUMMARY:
==9432==     in use at exit: 0 bytes in 0 blocks
==9432==   total heap usage: 1 allocs, 1 frees, 1,024 bytes allocated
==9432== 
==9432== All heap blocks were freed -- no leaks are possible
==9432== 
==9432== For counts of detected and suppressed errors, rerun with: -v
==9432== Use --track-origins=yes to see where uninitialised values come from
==9432== ERROR SUMMARY: 3 errors from 3 contexts (suppressed: 0 from 0)
