==25137== Memcheck, a memory error detector
==25137== Copyright (C) 2002-2017, and GNU GPL'd, by Julian Seward et al.
==25137== Using Valgrind-3.13.0 and LibVEX; rerun with -h for copyright info
==25137== Command: /rhome/m/mhadzic9/workspace/OR/ZSR6/Z4/.runme
==25137== Parent PID: 25121
==25137== 
==25137== 
==25137== Process terminating with default action of signal 1 (SIGHUP)
==25137==    at 0x54EC191: read (read.c:27)
==25137==    by 0x54691B7: _IO_file_underflow@@GLIBC_2.2.5 (fileops.c:531)
==25137==    by 0x546A461: _IO_default_uflow (genops.c:380)
==25137==    by 0x5447C59: _IO_vfscanf (vfscanf.c:630)
==25137==    by 0x5458047: __isoc99_scanf (isoc99_scanf.c:37)
==25137==    by 0x1088AF: main (main.c:12)
==25137== 
==25137== HEAP SUMMARY:
==25137==     in use at exit: 0 bytes in 0 blocks
==25137==   total heap usage: 1 allocs, 1 frees, 1,024 bytes allocated
==25137== 
==25137== All heap blocks were freed -- no leaks are possible
==25137== 
==25137== For counts of detected and suppressed errors, rerun with: -v
==25137== ERROR SUMMARY: 0 errors from 0 contexts (suppressed: 0 from 0)
