==9688== Memcheck, a memory error detector
==9688== Copyright (C) 2002-2017, and GNU GPL'd, by Julian Seward et al.
==9688== Using Valgrind-3.13.0 and LibVEX; rerun with -h for copyright info
==9688== Command: /rhome/m/mhadzic9/workspace/OR/ZSR6/Z23/.runme
==9688== Parent PID: 9675
==9688== 
==9688== Conditional jump or move depends on uninitialised value(s)
==9688==    at 0x10896A: main (main.c:48)
==9688== 
==9688== Conditional jump or move depends on uninitialised value(s)
==9688==    at 0x108974: main (main.c:48)
==9688== 
==9688== 
==9688== HEAP SUMMARY:
==9688==     in use at exit: 0 bytes in 0 blocks
==9688==   total heap usage: 1 allocs, 1 frees, 1,024 bytes allocated
==9688== 
==9688== All heap blocks were freed -- no leaks are possible
==9688== 
==9688== For counts of detected and suppressed errors, rerun with: -v
==9688== Use --track-origins=yes to see where uninitialised values come from
==9688== ERROR SUMMARY: 8 errors from 2 contexts (suppressed: 0 from 0)
