==28442== Memcheck, a memory error detector
==28442== Copyright (C) 2002-2017, and GNU GPL'd, by Julian Seward et al.
==28442== Using Valgrind-3.13.0 and LibVEX; rerun with -h for copyright info
==28442== Command: /rhome/m/mhadzic9/workspace/OR/ZSR2/Z19/.runme
==28442== Parent PID: 28429
==28442== 
==28442== 
==28442== Process terminating with default action of signal 15 (SIGTERM)
==28442==    at 0x514E081: read (read.c:27)
==28442==    by 0x50CB147: _IO_file_underflow@@GLIBC_2.2.5 (fileops.c:531)
==28442==    by 0x50CC3F1: _IO_default_uflow (genops.c:380)
==28442==    by 0x50A9BE9: _IO_vfscanf (vfscanf.c:630)
==28442==    by 0x50B9FD7: __isoc99_scanf (isoc99_scanf.c:37)
==28442==    by 0x1087AD: main (main.c:7)
==28442== 
==28442== HEAP SUMMARY:
==28442==     in use at exit: 0 bytes in 0 blocks
==28442==   total heap usage: 1 allocs, 1 frees, 1,024 bytes allocated
==28442== 
==28442== All heap blocks were freed -- no leaks are possible
==28442== 
==28442== For counts of detected and suppressed errors, rerun with: -v
==28442== ERROR SUMMARY: 0 errors from 0 contexts (suppressed: 0 from 0)
