==20260== Memcheck, a memory error detector
==20260== Copyright (C) 2002-2017, and GNU GPL'd, by Julian Seward et al.
==20260== Using Valgrind-3.13.0 and LibVEX; rerun with -h for copyright info
==20260== Command: /rhome/m/mhadzic9/workspace/OR/T6/Z7/.runme
==20260== Parent PID: 20245
==20260== 
==20260== 
==20260== Process terminating with default action of signal 1 (SIGHUP)
==20260==    at 0x514E081: read (read.c:27)
==20260==    by 0x50CB147: _IO_file_underflow@@GLIBC_2.2.5 (fileops.c:531)
==20260==    by 0x50CC3F1: _IO_default_uflow (genops.c:380)
==20260==    by 0x50A9BE9: _IO_vfscanf (vfscanf.c:630)
==20260==    by 0x50B9FD7: __isoc99_scanf (isoc99_scanf.c:37)
==20260==    by 0x108844: main (main.c:10)
==20260== 
==20260== HEAP SUMMARY:
==20260==     in use at exit: 0 bytes in 0 blocks
==20260==   total heap usage: 1 allocs, 1 frees, 1,024 bytes allocated
==20260== 
==20260== All heap blocks were freed -- no leaks are possible
==20260== 
==20260== For counts of detected and suppressed errors, rerun with: -v
==20260== ERROR SUMMARY: 0 errors from 0 contexts (suppressed: 0 from 0)
