==1281== Memcheck, a memory error detector
==1281== Copyright (C) 2002-2017, and GNU GPL'd, by Julian Seward et al.
==1281== Using Valgrind-3.13.0 and LibVEX; rerun with -h for copyright info
==1281== Command: /rhome/m/mhadzic9/workspace/OR/ZSR6/Z8/.runme
==1281== Parent PID: 1265
==1281== 
==1281== Conditional jump or move depends on uninitialised value(s)
==1281==    at 0x1087FE: main (main.c:10)
==1281== 
==1281== Conditional jump or move depends on uninitialised value(s)
==1281==    at 0x10880C: main (main.c:10)
==1281== 
==1281== 
==1281== Process terminating with default action of signal 1 (SIGHUP)
==1281==    at 0x514E152: write (write.c:27)
==1281==    by 0x50C91BC: _IO_file_write@@GLIBC_2.2.5 (fileops.c:1203)
==1281==    by 0x50C9B2E: new_do_write (fileops.c:457)
==1281==    by 0x50C9B2E: _IO_file_xsputn@@GLIBC_2.2.5 (fileops.c:1277)
==1281==    by 0x509C706: buffered_vfprintf (vfprintf.c:2350)
==1281==    by 0x5099725: vfprintf (vfprintf.c:1301)
==1281==    by 0x50A2F25: printf (printf.c:33)
==1281==    by 0x1087B5: main (main.c:8)
==1281== 
==1281== HEAP SUMMARY:
==1281==     in use at exit: 0 bytes in 0 blocks
==1281==   total heap usage: 1 allocs, 1 frees, 1,024 bytes allocated
==1281== 
==1281== All heap blocks were freed -- no leaks are possible
==1281== 
==1281== For counts of detected and suppressed errors, rerun with: -v
==1281== Use --track-origins=yes to see where uninitialised values come from
==1281== ERROR SUMMARY: 2 errors from 2 contexts (suppressed: 0 from 0)
