==13619== Memcheck, a memory error detector
==13619== Copyright (C) 2002-2017, and GNU GPL'd, by Julian Seward et al.
==13619== Using Valgrind-3.13.0 and LibVEX; rerun with -h for copyright info
==13619== Command: /rhome/m/mhadzic9/workspace/OR/T6/Z2/.runme
==13619== Parent PID: 13606
==13619== 
==13619== 
==13619== Process terminating with default action of signal 1 (SIGHUP)
==13619==    at 0x514E152: write (write.c:27)
==13619==    by 0x50C91BC: _IO_file_write@@GLIBC_2.2.5 (fileops.c:1203)
==13619==    by 0x50C9B2E: new_do_write (fileops.c:457)
==13619==    by 0x50C9B2E: _IO_file_xsputn@@GLIBC_2.2.5 (fileops.c:1277)
==13619==    by 0x509C706: buffered_vfprintf (vfprintf.c:2350)
==13619==    by 0x5099725: vfprintf (vfprintf.c:1301)
==13619==    by 0x50A2F25: printf (printf.c:33)
==13619==    by 0x1087A2: main (main.c:8)
==13619== 
==13619== HEAP SUMMARY:
==13619==     in use at exit: 0 bytes in 0 blocks
==13619==   total heap usage: 1 allocs, 1 frees, 1,024 bytes allocated
==13619== 
==13619== All heap blocks were freed -- no leaks are possible
==13619== 
==13619== For counts of detected and suppressed errors, rerun with: -v
==13619== ERROR SUMMARY: 0 errors from 0 contexts (suppressed: 0 from 0)
