==1318== Memcheck, a memory error detector
==1318== Copyright (C) 2002-2017, and GNU GPL'd, by Julian Seward et al.
==1318== Using Valgrind-3.13.0 and LibVEX; rerun with -h for copyright info
==1318== Command: /rhome/m/mhadzic9/workspace/OR/ZSR6/Z12/.runme
==1318== Parent PID: 1314
==1318== 
==1318== Conditional jump or move depends on uninitialised value(s)
==1318==    at 0x1088E0: main (main.c:9)
==1318== 
==1318== Conditional jump or move depends on uninitialised value(s)
==1318==    at 0x108977: main (main.c:20)
==1318== 
==1318== 
==1318== HEAP SUMMARY:
==1318==     in use at exit: 0 bytes in 0 blocks
==1318==   total heap usage: 1 allocs, 1 frees, 1,024 bytes allocated
==1318== 
==1318== All heap blocks were freed -- no leaks are possible
==1318== 
==1318== For counts of detected and suppressed errors, rerun with: -v
==1318== Use --track-origins=yes to see where uninitialised values come from
==1318== ERROR SUMMARY: 2 errors from 2 contexts (suppressed: 0 from 0)
