==22168== Memcheck, a memory error detector
==22168== Copyright (C) 2002-2017, and GNU GPL'd, by Julian Seward et al.
==22168== Using Valgrind-3.13.0 and LibVEX; rerun with -h for copyright info
==22168== Command: /rhome/m/mhadzic9/workspace/OR/ZSR2/Z18/.runme
==22168== Parent PID: 22154
==22168== 
==22168== 
==22168== Process terminating with default action of signal 15 (SIGTERM)
==22168==    at 0x54EC081: read (read.c:27)
==22168==    by 0x5469147: _IO_file_underflow@@GLIBC_2.2.5 (fileops.c:531)
==22168==    by 0x546A3F1: _IO_default_uflow (genops.c:380)
==22168==    by 0x544D1AF: _IO_vfscanf (vfscanf.c:742)
==22168==    by 0x5457FD7: __isoc99_scanf (isoc99_scanf.c:37)
==22168==    by 0x10886D: main (main.c:15)
==22168== 
==22168== HEAP SUMMARY:
==22168==     in use at exit: 0 bytes in 0 blocks
==22168==   total heap usage: 1 allocs, 1 frees, 1,024 bytes allocated
==22168== 
==22168== All heap blocks were freed -- no leaks are possible
==22168== 
==22168== For counts of detected and suppressed errors, rerun with: -v
==22168== ERROR SUMMARY: 0 errors from 0 contexts (suppressed: 0 from 0)
