[New LWP 17870]
Core was generated by `'.
Program terminated with signal SIGSEGV, Segmentation fault.
#0  0x000000000010887d in ?? ()
#0  0x000000000010887d in ?? ()
#1  0x50ff000000000000 in ?? ()
#2  0x0000f13000000000 in ?? ()
#3  0x000003e800000000 in ?? ()
#4  0x000000000542f040 in ?? ()
#5  0x697265505f6f7265 in ?? ()
#6  0x5f35343332315f63 in ?? ()
#7  0x6c75535f6f6a754d in ?? ()
#8  0x313233345f63696a in ?? ()
#9  0x535f617261535f35 in ?? ()
#10 0x3332315f63617261 in ?? ()
#11 0x617461465f54532d in ?? ()
#12 0x395f63697461465f in ?? ()
#13 0xffffff5f39393939 in ?? ()
#14 0xffffffffffffffff in ?? ()
#15 0xffffffffffffffff in ?? ()
#16 0xffffffffffffffff in ?? ()
#17 0xffffffffffffffff in ?? ()
#18 0xffffffffffffffff in ?? ()
#19 0xffffffffffffffff in ?? ()
#20 0xffffffffffffffff in ?? ()
#21 0xffffffffffffffff in ?? ()
#22 0xffffffffffffffff in ?? ()
#23 0xffffffffffffffff in ?? ()
#24 0xffffffffffffffff in ?? ()
#25 0xffffffffffffffff in ?? ()
#26 0xffffffffffffffff in ?? ()
#27 0xffffffffffffffff in ?? ()
#28 0xffffffffffffffff in ?? ()
#29 0xffffffffffffffff in ?? ()
#30 0xffffffffffffffff in ?? ()
#31 0xffffffffffffffff in ?? ()
#32 0xffffffffffffffff in ?? ()
#33 0xffffffffffffffff in ?? ()
#34 0xffffffffffffffff in ?? ()
#35 0xffffffffffffffff in ?? ()
#36 0xffffffffffffffff in ?? ()
#37 0xffffffffffffffff in ?? ()
#38 0xffffffffffffffff in ?? ()
#39 0xffffffffffffffff in ?? ()
#40 0xffffffffffffffff in ?? ()
#41 0xffffffffffffffff in ?? ()
#42 0xffffffffffffffff in ?? ()
#43 0xffffffffffffffff in ?? ()
#44 0xffffffffffffffff in ?? ()
#45 0xffffffffffffffff in ?? ()
#46 0xffffffffffffffff in ?? ()
#47 0xffffffffffffffff in ?? ()
#48 0xffffffffffffffff in ?? ()
#49 0xffffffffffffffff in ?? ()
#50 0xffffffffffffffff in ?? ()
#51 0xffffffffffffffff in ?? ()
#52 0xffffffffffffffff in ?? ()
#53 0xffffffffffffffff in ?? ()
#54 0xffffffffffffffff in ?? ()
#55 0xffffffffffffffff in ?? ()
#56 0xffffffffffffffff in ?? ()
#57 0xffffffffffffffff in ?? ()
#58 0xffffffffffffffff in ?? ()
#59 0xffffffffffffffff in ?? ()
#60 0xffffffffffffffff in ?? ()
#61 0xffffffffffffffff in ?? ()
#62 0xffffffffffffffff in ?? ()
#63 0xffffffffffffffff in ?? ()
#64 0xffffffffffffffff in ?? ()
#65 0xffffffffffffffff in ?? ()
#66 0xffffffffffffffff in ?? ()
#67 0xffffffffffffffff in ?? ()
#68 0xffffffffffffffff in ?? ()
#69 0xffffffffffffffff in ?? ()
#70 0xffffffffffffffff in ?? ()
#71 0xffffffffffffffff in ?? ()
#72 0xffffffffffffffff in ?? ()
#73 0xffffffffffffffff in ?? ()
#74 0xffffffffffffffff in ?? ()
#75 0xffffffffffffffff in ?? ()
#76 0xffffffffffffffff in ?? ()
#77 0xffffffffffffffff in ?? ()
#78 0xffffffffffffffff in ?? ()
#79 0xffffffffffffffff in ?? ()
#80 0xffffffffffffffff in ?? ()
#81 0xffffffffffffffff in ?? ()
#82 0xffffffffffffffff in ?? ()
#83 0xffffffffffffffff in ?? ()
#84 0xffffffffffffffff in ?? ()
#85 0xffffffffffffffff in ?? ()
#86 0xffffffffffffffff in ?? ()
#87 0xffffffffffffffff in ?? ()
#88 0xffffffffffffffff in ?? ()
#89 0xffffffffffffffff in ?? ()
#90 0xffffffffffffffff in ?? ()
#91 0xffffffffffffffff in ?? ()
#92 0xffffffffffffffff in ?? ()
#93 0xffffffffffffffff in ?? ()
#94 0xffffffffffffffff in ?? ()
#95 0xffffffffffffffff in ?? ()
#96 0xffffffffffffffff in ?? ()
#97 0xffffffffffffffff in ?? ()
#98 0xffffffffffffffff in ?? ()
#99 0xffffffffffffffff in ?? ()
