==18483== Memcheck, a memory error detector
==18483== Copyright (C) 2002-2017, and GNU GPL'd, by Julian Seward et al.
==18483== Using Valgrind-3.13.0 and LibVEX; rerun with -h for copyright info
==18483== Command: /rhome/m/mhadzic9/workspace/OR/T6/Z5/.runme
==18483== Parent PID: 18468
==18483== 
==18483== 
==18483== Process terminating with default action of signal 1 (SIGHUP)
==18483==    at 0x514E07F: read (read.c:27)
==18483==    by 0x50CB147: _IO_file_underflow@@GLIBC_2.2.5 (fileops.c:531)
==18483==    by 0x50CC3F1: _IO_default_uflow (genops.c:380)
==18483==    by 0x50A9BE9: _IO_vfscanf (vfscanf.c:630)
==18483==    by 0x50B9FD7: __isoc99_scanf (isoc99_scanf.c:37)
==18483==    by 0x10878F: main (main.c:8)
==18483== 
==18483== HEAP SUMMARY:
==18483==     in use at exit: 0 bytes in 0 blocks
==18483==   total heap usage: 1 allocs, 1 frees, 1,024 bytes allocated
==18483== 
==18483== All heap blocks were freed -- no leaks are possible
==18483== 
==18483== For counts of detected and suppressed errors, rerun with: -v
==18483== ERROR SUMMARY: 0 errors from 0 contexts (suppressed: 0 from 0)
