==10369== Memcheck, a memory error detector
==10369== Copyright (C) 2002-2017, and GNU GPL'd, by Julian Seward et al.
==10369== Using Valgrind-3.13.0 and LibVEX; rerun with -h for copyright info
==10369== Command: /rhome/m/mhadzic9/workspace/OR/ZSR2/Z20/.runme
==10369== Parent PID: 10356
==10369== 
==10369== 
==10369== Process terminating with default action of signal 1 (SIGHUP)
==10369==    at 0x514E152: write (write.c:27)
==10369==    by 0x50C91BC: _IO_file_write@@GLIBC_2.2.5 (fileops.c:1203)
==10369==    by 0x50C9B2E: new_do_write (fileops.c:457)
==10369==    by 0x50C9B2E: _IO_file_xsputn@@GLIBC_2.2.5 (fileops.c:1277)
==10369==    by 0x509C706: buffered_vfprintf (vfprintf.c:2350)
==10369==    by 0x5099725: vfprintf (vfprintf.c:1301)
==10369==    by 0x50A2F25: printf (printf.c:33)
==10369==    by 0x10876A: main (main.c:9)
==10369== 
==10369== HEAP SUMMARY:
==10369==     in use at exit: 0 bytes in 0 blocks
==10369==   total heap usage: 1 allocs, 1 frees, 1,024 bytes allocated
==10369== 
==10369== All heap blocks were freed -- no leaks are possible
==10369== 
==10369== For counts of detected and suppressed errors, rerun with: -v
==10369== ERROR SUMMARY: 0 errors from 0 contexts (suppressed: 0 from 0)
