==4885== Memcheck, a memory error detector
==4885== Copyright (C) 2002-2017, and GNU GPL'd, by Julian Seward et al.
==4885== Using Valgrind-3.13.0 and LibVEX; rerun with -h for copyright info
==4885== Command: /rhome/m/mhadzic9/workspace/OR/ZSR2/Z22/.runme
==4885== Parent PID: 4872
==4885== 
==4885== 
==4885== Process terminating with default action of signal 15 (SIGTERM)
==4885==    at 0x514E081: read (read.c:27)
==4885==    by 0x50CB147: _IO_file_underflow@@GLIBC_2.2.5 (fileops.c:531)
==4885==    by 0x50CC3F1: _IO_default_uflow (genops.c:380)
==4885==    by 0x50A9BE9: _IO_vfscanf (vfscanf.c:630)
==4885==    by 0x50B9FD7: __isoc99_scanf (isoc99_scanf.c:37)
==4885==    by 0x1087BB: main (main.c:7)
==4885== 
==4885== HEAP SUMMARY:
==4885==     in use at exit: 0 bytes in 0 blocks
==4885==   total heap usage: 1 allocs, 1 frees, 1,024 bytes allocated
==4885== 
==4885== All heap blocks were freed -- no leaks are possible
==4885== 
==4885== For counts of detected and suppressed errors, rerun with: -v
==4885== ERROR SUMMARY: 0 errors from 0 contexts (suppressed: 0 from 0)
