==31757== Memcheck, a memory error detector
==31757== Copyright (C) 2002-2017, and GNU GPL'd, by Julian Seward et al.
==31757== Using Valgrind-3.13.0 and LibVEX; rerun with -h for copyright info
==31757== Command: /rhome/m/mhadzic9/workspace/OR/T5/Z3/.runme
==31757== Parent PID: 31744
==31757== 
==31757== 
==31757== Process terminating with default action of signal 1 (SIGHUP)
==31757==    at 0x514E07F: read (read.c:27)
==31757==    by 0x50CB147: _IO_file_underflow@@GLIBC_2.2.5 (fileops.c:531)
==31757==    by 0x50CC3F1: _IO_default_uflow (genops.c:380)
==31757==    by 0x50A9BE9: _IO_vfscanf (vfscanf.c:630)
==31757==    by 0x50B9FD7: __isoc99_scanf (isoc99_scanf.c:37)
==31757==    by 0x10877B: main (main.c:10)
==31757== 
==31757== HEAP SUMMARY:
==31757==     in use at exit: 0 bytes in 0 blocks
==31757==   total heap usage: 1 allocs, 1 frees, 1,024 bytes allocated
==31757== 
==31757== All heap blocks were freed -- no leaks are possible
==31757== 
==31757== For counts of detected and suppressed errors, rerun with: -v
==31757== ERROR SUMMARY: 0 errors from 0 contexts (suppressed: 0 from 0)
