==25894== Memcheck, a memory error detector
==25894== Copyright (C) 2002-2017, and GNU GPL'd, by Julian Seward et al.
==25894== Using Valgrind-3.13.0 and LibVEX; rerun with -h for copyright info
==25894== Command: /rhome/m/mhadzic9/workspace/OR/ZSR4/Z20/.runme
==25894== Parent PID: 25881
==25894== 
==25894== 
==25894== Process terminating with default action of signal 15 (SIGTERM)
==25894==    at 0x514E081: read (read.c:27)
==25894==    by 0x50CB147: _IO_file_underflow@@GLIBC_2.2.5 (fileops.c:531)
==25894==    by 0x50CC3F1: _IO_default_uflow (genops.c:380)
==25894==    by 0x50A9BE9: _IO_vfscanf (vfscanf.c:630)
==25894==    by 0x50B9FD7: __isoc99_scanf (isoc99_scanf.c:37)
==25894==    by 0x1087E9: main (main.c:7)
==25894== 
==25894== HEAP SUMMARY:
==25894==     in use at exit: 0 bytes in 0 blocks
==25894==   total heap usage: 1 allocs, 1 frees, 1,024 bytes allocated
==25894== 
==25894== All heap blocks were freed -- no leaks are possible
==25894== 
==25894== For counts of detected and suppressed errors, rerun with: -v
==25894== ERROR SUMMARY: 0 errors from 0 contexts (suppressed: 0 from 0)
