==11858== Memcheck, a memory error detector
==11858== Copyright (C) 2002-2017, and GNU GPL'd, by Julian Seward et al.
==11858== Using Valgrind-3.13.0 and LibVEX; rerun with -h for copyright info
==11858== Command: /rhome/m/mhadzic9/workspace/OR/T6/Z1/.runme
==11858== Parent PID: 11845
==11858== 
==11858== 
==11858== Process terminating with default action of signal 1 (SIGHUP)
==11858==    at 0x514E081: read (read.c:27)
==11858==    by 0x50CB147: _IO_file_underflow@@GLIBC_2.2.5 (fileops.c:531)
==11858==    by 0x50CC3F1: _IO_default_uflow (genops.c:380)
==11858==    by 0x50A9BE9: _IO_vfscanf (vfscanf.c:630)
==11858==    by 0x50B9FD7: __isoc99_scanf (isoc99_scanf.c:37)
==11858==    by 0x108807: main (main.c:9)
==11858== 
==11858== HEAP SUMMARY:
==11858==     in use at exit: 0 bytes in 0 blocks
==11858==   total heap usage: 1 allocs, 1 frees, 1,024 bytes allocated
==11858== 
==11858== All heap blocks were freed -- no leaks are possible
==11858== 
==11858== For counts of detected and suppressed errors, rerun with: -v
==11858== ERROR SUMMARY: 0 errors from 0 contexts (suppressed: 0 from 0)
