==12645== Memcheck, a memory error detector
==12645== Copyright (C) 2002-2017, and GNU GPL'd, by Julian Seward et al.
==12645== Using Valgrind-3.13.0 and LibVEX; rerun with -h for copyright info
==12645== Command: /rhome/m/mhadzic9/workspace/OR/ZSR2/Z7/.runme
==12645== Parent PID: 12626
==12645== 
==12645== Conditional jump or move depends on uninitialised value(s)
==12645==    at 0x504CEB8: sqrt (w_sqrt_compat.c:30)
==12645==    by 0x108864: main (main.c:9)
==12645== 
==12645== Conditional jump or move depends on uninitialised value(s)
==12645==    at 0x108877: main (main.c:10)
==12645== 
==12645== Conditional jump or move depends on uninitialised value(s)
==12645==    at 0x543B1B8: __printf_fp_l (printf_fp.c:392)
==12645==    by 0x5438A06: vfprintf (vfprintf.c:1642)
==12645==    by 0x543A67F: buffered_vfprintf (vfprintf.c:2329)
==12645==    by 0x5437725: vfprintf (vfprintf.c:1301)
==12645==    by 0x5440F25: printf (printf.c:33)
==12645==    by 0x1088BF: main (main.c:14)
==12645== 
==12645== Conditional jump or move depends on uninitialised value(s)
==12645==    at 0x543B1D9: __printf_fp_l (printf_fp.c:392)
==12645==    by 0x5438A06: vfprintf (vfprintf.c:1642)
==12645==    by 0x543A67F: buffered_vfprintf (vfprintf.c:2329)
==12645==    by 0x5437725: vfprintf (vfprintf.c:1301)
==12645==    by 0x5440F25: printf (printf.c:33)
==12645==    by 0x1088BF: main (main.c:14)
==12645== 
==12645== Conditional jump or move depends on uninitialised value(s)
==12645==    at 0x5430A30: __mpn_extract_double (dbl2mpn.c:56)
==12645==    by 0x543B208: __printf_fp_l (printf_fp.c:392)
==12645==    by 0x5438A06: vfprintf (vfprintf.c:1642)
==12645==    by 0x543A67F: buffered_vfprintf (vfprintf.c:2329)
==12645==    by 0x5437725: vfprintf (vfprintf.c:1301)
==12645==    by 0x5440F25: printf (printf.c:33)
==12645==    by 0x1088BF: main (main.c:14)
==12645== 
==12645== Conditional jump or move depends on uninitialised value(s)
==12645==    at 0x5430A35: __mpn_extract_double (dbl2mpn.c:60)
==12645==    by 0x543B208: __printf_fp_l (printf_fp.c:392)
==12645==    by 0x5438A06: vfprintf (vfprintf.c:1642)
==12645==    by 0x543A67F: buffered_vfprintf (vfprintf.c:2329)
==12645==    by 0x5437725: vfprintf (vfprintf.c:1301)
==12645==    by 0x5440F25: printf (printf.c:33)
==12645==    by 0x1088BF: main (main.c:14)
==12645== 
==12645== Conditional jump or move depends on uninitialised value(s)
==12645==    at 0x543B061: __printf_fp_l (printf_fp.c:442)
==12645==    by 0x5438A06: vfprintf (vfprintf.c:1642)
==12645==    by 0x543A67F: buffered_vfprintf (vfprintf.c:2329)
==12645==    by 0x5437725: vfprintf (vfprintf.c:1301)
==12645==    by 0x5440F25: printf (printf.c:33)
==12645==    by 0x1088BF: main (main.c:14)
==12645== 
==12645== Conditional jump or move depends on uninitialised value(s)
==12645==    at 0x543BDFA: __printf_fp_l (printf_fp.c:645)
==12645==    by 0x5438A06: vfprintf (vfprintf.c:1642)
==12645==    by 0x543A67F: buffered_vfprintf (vfprintf.c:2329)
==12645==    by 0x5437725: vfprintf (vfprintf.c:1301)
==12645==    by 0x5440F25: printf (printf.c:33)
==12645==    by 0x1088BF: main (main.c:14)
==12645== 
==12645== Use of uninitialised value of size 8
==12645==    at 0x543C3E7: __printf_fp_l (printf_fp.c:661)
==12645==    by 0x5438A06: vfprintf (vfprintf.c:1642)
==12645==    by 0x543A67F: buffered_vfprintf (vfprintf.c:2329)
==12645==    by 0x5437725: vfprintf (vfprintf.c:1301)
==12645==    by 0x5440F25: printf (printf.c:33)
==12645==    by 0x1088BF: main (main.c:14)
==12645== 
==12645== Use of uninitialised value of size 8
==12645==    at 0x542F288: __mpn_lshift (lshift.S:59)
==12645==    by 0x543C3EB: __printf_fp_l (printf_fp.c:661)
==12645==    by 0x5438A06: vfprintf (vfprintf.c:1642)
==12645==    by 0x543A67F: buffered_vfprintf (vfprintf.c:2329)
==12645==    by 0x5437725: vfprintf (vfprintf.c:1301)
==12645==    by 0x5440F25: printf (printf.c:33)
==12645==    by 0x1088BF: main (main.c:14)
==12645== 
==12645== Use of uninitialised value of size 8
==12645==    at 0x542F28B: __mpn_lshift (lshift.S:60)
==12645==    by 0x543C3EB: __printf_fp_l (printf_fp.c:661)
==12645==    by 0x5438A06: vfprintf (vfprintf.c:1642)
==12645==    by 0x543A67F: buffered_vfprintf (vfprintf.c:2329)
==12645==    by 0x5437725: vfprintf (vfprintf.c:1301)
==12645==    by 0x5440F25: printf (printf.c:33)
==12645==    by 0x1088BF: main (main.c:14)
==12645== 
==12645== Use of uninitialised value of size 8
==12645==    at 0x543C41C: __printf_fp_l (printf_fp.c:662)
==12645==    by 0x5438A06: vfprintf (vfprintf.c:1642)
==12645==    by 0x543A67F: buffered_vfprintf (vfprintf.c:2329)
==12645==    by 0x5437725: vfprintf (vfprintf.c:1301)
==12645==    by 0x5440F25: printf (printf.c:33)
==12645==    by 0x1088BF: main (main.c:14)
==12645== 
==12645== Conditional jump or move depends on uninitialised value(s)
==12645==    at 0x543C4F5: __printf_fp_l (printf_fp.c:673)
==12645==    by 0x5438A06: vfprintf (vfprintf.c:1642)
==12645==    by 0x543A67F: buffered_vfprintf (vfprintf.c:2329)
==12645==    by 0x5437725: vfprintf (vfprintf.c:1301)
==12645==    by 0x5440F25: printf (printf.c:33)
==12645==    by 0x1088BF: main (main.c:14)
==12645== 
==12645== Conditional jump or move depends on uninitialised value(s)
==12645==    at 0x543C4E8: __printf_fp_l (printf_fp.c:785)
==12645==    by 0x5438A06: vfprintf (vfprintf.c:1642)
==12645==    by 0x543A67F: buffered_vfprintf (vfprintf.c:2329)
==12645==    by 0x5437725: vfprintf (vfprintf.c:1301)
==12645==    by 0x5440F25: printf (printf.c:33)
==12645==    by 0x1088BF: main (main.c:14)
==12645== 
==12645== Use of uninitialised value of size 8
==12645==    at 0x542F4D0: __mpn_mul (mul.c:71)
==12645==    by 0x543C462: __printf_fp_l (printf_fp.c:681)
==12645==    by 0x5438A06: vfprintf (vfprintf.c:1642)
==12645==    by 0x543A67F: buffered_vfprintf (vfprintf.c:2329)
==12645==    by 0x5437725: vfprintf (vfprintf.c:1301)
==12645==    by 0x5440F25: printf (printf.c:33)
==12645==    by 0x1088BF: main (main.c:14)
==12645== 
==12645== Conditional jump or move depends on uninitialised value(s)
==12645==    at 0x542F4D7: __mpn_mul (mul.c:72)
==12645==    by 0x543C462: __printf_fp_l (printf_fp.c:681)
==12645==    by 0x5438A06: vfprintf (vfprintf.c:1642)
==12645==    by 0x543A67F: buffered_vfprintf (vfprintf.c:2329)
==12645==    by 0x5437725: vfprintf (vfprintf.c:1301)
==12645==    by 0x5440F25: printf (printf.c:33)
==12645==    by 0x1088BF: main (main.c:14)
==12645== 
==12645== Use of uninitialised value of size 8
==12645==    at 0x542F960: __mpn_mul_1 (mul_1.S:90)
==12645==    by 0x542F684: __mpn_mul (mul.c:81)
==12645==    by 0x543C462: __printf_fp_l (printf_fp.c:681)
==12645==    by 0x5438A06: vfprintf (vfprintf.c:1642)
==12645==    by 0x543A67F: buffered_vfprintf (vfprintf.c:2329)
==12645==    by 0x5437725: vfprintf (vfprintf.c:1301)
==12645==    by 0x5440F25: printf (printf.c:33)
==12645==    by 0x1088BF: main (main.c:14)
==12645== 
==12645== Use of uninitialised value of size 8
==12645==    at 0x542F9C2: __mpn_mul_1 (mul_1.S:117)
==12645==    by 0x542F684: __mpn_mul (mul.c:81)
==12645==    by 0x543C462: __printf_fp_l (printf_fp.c:681)
==12645==    by 0x5438A06: vfprintf (vfprintf.c:1642)
==12645==    by 0x543A67F: buffered_vfprintf (vfprintf.c:2329)
==12645==    by 0x5437725: vfprintf (vfprintf.c:1301)
==12645==    by 0x5440F25: printf (printf.c:33)
==12645==    by 0x1088BF: main (main.c:14)
==12645== 
==12645== Use of uninitialised value of size 8
==12645==    at 0x542F695: __mpn_mul (mul.c:83)
==12645==    by 0x543C462: __printf_fp_l (printf_fp.c:681)
==12645==    by 0x5438A06: vfprintf (vfprintf.c:1642)
==12645==    by 0x543A67F: buffered_vfprintf (vfprintf.c:2329)
==12645==    by 0x5437725: vfprintf (vfprintf.c:1301)
==12645==    by 0x5440F25: printf (printf.c:33)
==12645==    by 0x1088BF: main (main.c:14)
==12645== 
==12645== Use of uninitialised value of size 8
==12645==    at 0x542F6E4: __mpn_mul (mul.c:90)
==12645==    by 0x543C462: __printf_fp_l (printf_fp.c:681)
==12645==    by 0x5438A06: vfprintf (vfprintf.c:1642)
==12645==    by 0x543A67F: buffered_vfprintf (vfprintf.c:2329)
==12645==    by 0x5437725: vfprintf (vfprintf.c:1301)
==12645==    by 0x5440F25: printf (printf.c:33)
==12645==    by 0x1088BF: main (main.c:14)
==12645== 
==12645== Conditional jump or move depends on uninitialised value(s)
==12645==    at 0x542F6EB: __mpn_mul (mul.c:91)
==12645==    by 0x543C462: __printf_fp_l (printf_fp.c:681)
==12645==    by 0x5438A06: vfprintf (vfprintf.c:1642)
==12645==    by 0x543A67F: buffered_vfprintf (vfprintf.c:2329)
==12645==    by 0x5437725: vfprintf (vfprintf.c:1301)
==12645==    by 0x5440F25: printf (printf.c:33)
==12645==    by 0x1088BF: main (main.c:14)
==12645== 
==12645== Conditional jump or move depends on uninitialised value(s)
==12645==    at 0x542F6CD: __mpn_mul (mul.c:94)
==12645==    by 0x543C462: __printf_fp_l (printf_fp.c:681)
==12645==    by 0x5438A06: vfprintf (vfprintf.c:1642)
==12645==    by 0x543A67F: buffered_vfprintf (vfprintf.c:2329)
==12645==    by 0x5437725: vfprintf (vfprintf.c:1301)
==12645==    by 0x5440F25: printf (printf.c:33)
==12645==    by 0x1088BF: main (main.c:14)
==12645== 
==12645== Use of uninitialised value of size 8
==12645==    at 0x542EA33: __mpn_add_n (add_n.S:37)
==12645==    by 0x542F711: __mpn_mul (mul.c:95)
==12645==    by 0x543C462: __printf_fp_l (printf_fp.c:681)
==12645==    by 0x5438A06: vfprintf (vfprintf.c:1642)
==12645==    by 0x543A67F: buffered_vfprintf (vfprintf.c:2329)
==12645==    by 0x5437725: vfprintf (vfprintf.c:1301)
==12645==    by 0x5440F25: printf (printf.c:33)
==12645==    by 0x1088BF: main (main.c:14)
==12645== 
==12645== Use of uninitialised value of size 8
==12645==    at 0x542F6CF: __mpn_mul (mul.c:100)
==12645==    by 0x543C462: __printf_fp_l (printf_fp.c:681)
==12645==    by 0x5438A06: vfprintf (vfprintf.c:1642)
==12645==    by 0x543A67F: buffered_vfprintf (vfprintf.c:2329)
==12645==    by 0x5437725: vfprintf (vfprintf.c:1301)
==12645==    by 0x5440F25: printf (printf.c:33)
==12645==    by 0x1088BF: main (main.c:14)
==12645== 
==12645== Conditional jump or move depends on uninitialised value(s)
==12645==    at 0x542F6DE: __mpn_mul (mul.c:88)
==12645==    by 0x543C462: __printf_fp_l (printf_fp.c:681)
==12645==    by 0x5438A06: vfprintf (vfprintf.c:1642)
==12645==    by 0x543A67F: buffered_vfprintf (vfprintf.c:2329)
==12645==    by 0x5437725: vfprintf (vfprintf.c:1301)
==12645==    by 0x5440F25: printf (printf.c:33)
==12645==    by 0x1088BF: main (main.c:14)
==12645== 
==12645== Conditional jump or move depends on uninitialised value(s)
==12645==    at 0x543C474: __printf_fp_l (printf_fp.c:690)
==12645==    by 0x5438A06: vfprintf (vfprintf.c:1642)
==12645==    by 0x543A67F: buffered_vfprintf (vfprintf.c:2329)
==12645==    by 0x5437725: vfprintf (vfprintf.c:1301)
==12645==    by 0x5440F25: printf (printf.c:33)
==12645==    by 0x1088BF: main (main.c:14)
==12645== 
==12645== Use of uninitialised value of size 8
==12645==    at 0x543C4A1: __printf_fp_l (printf_fp.c:693)
==12645==    by 0x5438A06: vfprintf (vfprintf.c:1642)
==12645==    by 0x543A67F: buffered_vfprintf (vfprintf.c:2329)
==12645==    by 0x5437725: vfprintf (vfprintf.c:1301)
==12645==    by 0x5440F25: printf (printf.c:33)
==12645==    by 0x1088BF: main (main.c:14)
==12645== 
==12645== Conditional jump or move depends on uninitialised value(s)
==12645==    at 0x543C4C0: __printf_fp_l (printf_fp.c:702)
==12645==    by 0x5438A06: vfprintf (vfprintf.c:1642)
==12645==    by 0x543A67F: buffered_vfprintf (vfprintf.c:2329)
==12645==    by 0x5437725: vfprintf (vfprintf.c:1301)
==12645==    by 0x5440F25: printf (printf.c:33)
==12645==    by 0x1088BF: main (main.c:14)
==12645== 
==12645== Conditional jump or move depends on uninitialised value(s)
==12645==    at 0x543C4CC: __printf_fp_l (printf_fp.c:724)
==12645==    by 0x5438A06: vfprintf (vfprintf.c:1642)
==12645==    by 0x543A67F: buffered_vfprintf (vfprintf.c:2329)
==12645==    by 0x5437725: vfprintf (vfprintf.c:1301)
==12645==    by 0x5440F25: printf (printf.c:33)
==12645==    by 0x1088BF: main (main.c:14)
==12645== 
==12645== Use of uninitialised value of size 8
==12645==    at 0x543C57C: __printf_fp_l (printf_fp.c:741)
==12645==    by 0x5438A06: vfprintf (vfprintf.c:1642)
==12645==    by 0x543A67F: buffered_vfprintf (vfprintf.c:2329)
==12645==    by 0x5437725: vfprintf (vfprintf.c:1301)
==12645==    by 0x5440F25: printf (printf.c:33)
==12645==    by 0x1088BF: main (main.c:14)
==12645== 
==12645== Conditional jump or move depends on uninitialised value(s)
==12645==    at 0x543C582: __printf_fp_l (printf_fp.c:741)
==12645==    by 0x5438A06: vfprintf (vfprintf.c:1642)
==12645==    by 0x543A67F: buffered_vfprintf (vfprintf.c:2329)
==12645==    by 0x5437725: vfprintf (vfprintf.c:1301)
==12645==    by 0x5440F25: printf (printf.c:33)
==12645==    by 0x1088BF: main (main.c:14)
==12645== 
==12645== Use of uninitialised value of size 8
==12645==    at 0x543C5A6: __printf_fp_l (printf_fp.c:741)
==12645==    by 0x5438A06: vfprintf (vfprintf.c:1642)
==12645==    by 0x543A67F: buffered_vfprintf (vfprintf.c:2329)
==12645==    by 0x5437725: vfprintf (vfprintf.c:1301)
==12645==    by 0x5440F25: printf (printf.c:33)
==12645==    by 0x1088BF: main (main.c:14)
==12645== 
==12645== Conditional jump or move depends on uninitialised value(s)
==12645==    at 0x543C5C3: __printf_fp_l (printf_fp.c:741)
==12645==    by 0x5438A06: vfprintf (vfprintf.c:1642)
==12645==    by 0x543A67F: buffered_vfprintf (vfprintf.c:2329)
==12645==    by 0x5437725: vfprintf (vfprintf.c:1301)
==12645==    by 0x5440F25: printf (printf.c:33)
==12645==    by 0x1088BF: main (main.c:14)
==12645== 
==12645== Conditional jump or move depends on uninitialised value(s)
==12645==    at 0x543C5C9: __printf_fp_l (printf_fp.c:742)
==12645==    by 0x5438A06: vfprintf (vfprintf.c:1642)
==12645==    by 0x543A67F: buffered_vfprintf (vfprintf.c:2329)
==12645==    by 0x5437725: vfprintf (vfprintf.c:1301)
==12645==    by 0x5440F25: printf (printf.c:33)
==12645==    by 0x1088BF: main (main.c:14)
==12645== 
==12645== Conditional jump or move depends on uninitialised value(s)
==12645==    at 0x543C5E8: __printf_fp_l (printf_fp.c:763)
==12645==    by 0x5438A06: vfprintf (vfprintf.c:1642)
==12645==    by 0x543A67F: buffered_vfprintf (vfprintf.c:2329)
==12645==    by 0x5437725: vfprintf (vfprintf.c:1301)
==12645==    by 0x5440F25: printf (printf.c:33)
==12645==    by 0x1088BF: main (main.c:14)
==12645== 
==12645== Use of uninitialised value of size 8
==12645==    at 0x542F3F8: __mpn_rshift (rshift.S:92)
==12645==    by 0x543C5FD: __printf_fp_l (printf_fp.c:775)
==12645==    by 0x5438A06: vfprintf (vfprintf.c:1642)
==12645==    by 0x543A67F: buffered_vfprintf (vfprintf.c:2329)
==12645==    by 0x5437725: vfprintf (vfprintf.c:1301)
==12645==    by 0x5440F25: printf (printf.c:33)
==12645==    by 0x1088BF: main (main.c:14)
==12645== 
==12645== Use of uninitialised value of size 8
==12645==    at 0x542F8C4: __mpn_mul_1 (mul_1.S:36)
==12645==    by 0x542F684: __mpn_mul (mul.c:81)
==12645==    by 0x543C533: __printf_fp_l (printf_fp.c:686)
==12645==    by 0x5438A06: vfprintf (vfprintf.c:1642)
==12645==    by 0x543A67F: buffered_vfprintf (vfprintf.c:2329)
==12645==    by 0x5437725: vfprintf (vfprintf.c:1301)
==12645==    by 0x5440F25: printf (printf.c:33)
==12645==    by 0x1088BF: main (main.c:14)
==12645== 
==12645== Use of uninitialised value of size 8
==12645==    at 0x542F995: __mpn_mul_1 (mul_1.S:104)
==12645==    by 0x542F684: __mpn_mul (mul.c:81)
==12645==    by 0x543C533: __printf_fp_l (printf_fp.c:686)
==12645==    by 0x5438A06: vfprintf (vfprintf.c:1642)
==12645==    by 0x543A67F: buffered_vfprintf (vfprintf.c:2329)
==12645==    by 0x5437725: vfprintf (vfprintf.c:1301)
==12645==    by 0x5440F25: printf (printf.c:33)
==12645==    by 0x1088BF: main (main.c:14)
==12645== 
==12645== Use of uninitialised value of size 8
==12645==    at 0x542F99D: __mpn_mul_1 (mul_1.S:106)
==12645==    by 0x542F684: __mpn_mul (mul.c:81)
==12645==    by 0x543C533: __printf_fp_l (printf_fp.c:686)
==12645==    by 0x5438A06: vfprintf (vfprintf.c:1642)
==12645==    by 0x543A67F: buffered_vfprintf (vfprintf.c:2329)
==12645==    by 0x5437725: vfprintf (vfprintf.c:1301)
==12645==    by 0x5440F25: printf (printf.c:33)
==12645==    by 0x1088BF: main (main.c:14)
==12645== 
==12645== Use of uninitialised value of size 8
==12645==    at 0x542F960: __mpn_mul_1 (mul_1.S:90)
==12645==    by 0x542F684: __mpn_mul (mul.c:81)
==12645==    by 0x543C533: __printf_fp_l (printf_fp.c:686)
==12645==    by 0x5438A06: vfprintf (vfprintf.c:1642)
==12645==    by 0x543A67F: buffered_vfprintf (vfprintf.c:2329)
==12645==    by 0x5437725: vfprintf (vfprintf.c:1301)
==12645==    by 0x5440F25: printf (printf.c:33)
==12645==    by 0x1088BF: main (main.c:14)
==12645== 
==12645== Use of uninitialised value of size 8
==12645==    at 0x542F967: __mpn_mul_1 (mul_1.S:92)
==12645==    by 0x542F684: __mpn_mul (mul.c:81)
==12645==    by 0x543C533: __printf_fp_l (printf_fp.c:686)
==12645==    by 0x5438A06: vfprintf (vfprintf.c:1642)
==12645==    by 0x543A67F: buffered_vfprintf (vfprintf.c:2329)
==12645==    by 0x5437725: vfprintf (vfprintf.c:1301)
==12645==    by 0x5440F25: printf (printf.c:33)
==12645==    by 0x1088BF: main (main.c:14)
==12645== 
==12645== Use of uninitialised value of size 8
==12645==    at 0x542F9C2: __mpn_mul_1 (mul_1.S:117)
==12645==    by 0x542F684: __mpn_mul (mul.c:81)
==12645==    by 0x543C533: __printf_fp_l (printf_fp.c:686)
==12645==    by 0x5438A06: vfprintf (vfprintf.c:1642)
==12645==    by 0x543A67F: buffered_vfprintf (vfprintf.c:2329)
==12645==    by 0x5437725: vfprintf (vfprintf.c:1301)
==12645==    by 0x5440F25: printf (printf.c:33)
==12645==    by 0x1088BF: main (main.c:14)
==12645== 
==12645== Use of uninitialised value of size 8
==12645==    at 0x542F695: __mpn_mul (mul.c:83)
==12645==    by 0x543C533: __printf_fp_l (printf_fp.c:686)
==12645==    by 0x5438A06: vfprintf (vfprintf.c:1642)
==12645==    by 0x543A67F: buffered_vfprintf (vfprintf.c:2329)
==12645==    by 0x5437725: vfprintf (vfprintf.c:1301)
==12645==    by 0x5440F25: printf (printf.c:33)
==12645==    by 0x1088BF: main (main.c:14)
==12645== 
==12645== Use of uninitialised value of size 8
==12645==    at 0x542EAE8: __mpn_addmul_1 (addmul_1.S:40)
==12645==    by 0x1FFEFFD7DF: ???
==12645==    by 0x543C533: __printf_fp_l (printf_fp.c:686)
==12645==    by 0x5438A06: vfprintf (vfprintf.c:1642)
==12645==    by 0x543A67F: buffered_vfprintf (vfprintf.c:2329)
==12645==    by 0x5437725: vfprintf (vfprintf.c:1301)
==12645==    by 0x5440F25: printf (printf.c:33)
==12645==    by 0x1088BF: main (main.c:14)
==12645== 
==12645== Use of uninitialised value of size 8
==12645==    at 0x542EAEB: __mpn_addmul_1 (addmul_1.S:41)
==12645==    by 0x1FFEFFD7DF: ???
==12645==    by 0x543C533: __printf_fp_l (printf_fp.c:686)
==12645==    by 0x5438A06: vfprintf (vfprintf.c:1642)
==12645==    by 0x543A67F: buffered_vfprintf (vfprintf.c:2329)
==12645==    by 0x5437725: vfprintf (vfprintf.c:1301)
==12645==    by 0x5440F25: printf (printf.c:33)
==12645==    by 0x1088BF: main (main.c:14)
==12645== 
==12645== Use of uninitialised value of size 8
==12645==    at 0x542F6CF: __mpn_mul (mul.c:100)
==12645==    by 0x543C533: __printf_fp_l (printf_fp.c:686)
==12645==    by 0x5438A06: vfprintf (vfprintf.c:1642)
==12645==    by 0x543A67F: buffered_vfprintf (vfprintf.c:2329)
==12645==    by 0x5437725: vfprintf (vfprintf.c:1301)
==12645==    by 0x5440F25: printf (printf.c:33)
==12645==    by 0x1088BF: main (main.c:14)
==12645== 
==12645== Conditional jump or move depends on uninitialised value(s)
==12645==    at 0x542F6DE: __mpn_mul (mul.c:88)
==12645==    by 0x543C533: __printf_fp_l (printf_fp.c:686)
==12645==    by 0x5438A06: vfprintf (vfprintf.c:1642)
==12645==    by 0x543A67F: buffered_vfprintf (vfprintf.c:2329)
==12645==    by 0x5437725: vfprintf (vfprintf.c:1301)
==12645==    by 0x5440F25: printf (printf.c:33)
==12645==    by 0x1088BF: main (main.c:14)
==12645== 
==12645== Conditional jump or move depends on uninitialised value(s)
==12645==    at 0x543D3E1: __printf_fp_l (printf_fp.c:742)
==12645==    by 0x5438A06: vfprintf (vfprintf.c:1642)
==12645==    by 0x543A67F: buffered_vfprintf (vfprintf.c:2329)
==12645==    by 0x5437725: vfprintf (vfprintf.c:1301)
==12645==    by 0x5440F25: printf (printf.c:33)
==12645==    by 0x1088BF: main (main.c:14)
==12645== 
==12645== Conditional jump or move depends on uninitialised value(s)
==12645==    at 0x543D3FD: __printf_fp_l (printf_fp.c:752)
==12645==    by 0x5438A06: vfprintf (vfprintf.c:1642)
==12645==    by 0x543A67F: buffered_vfprintf (vfprintf.c:2329)
==12645==    by 0x5437725: vfprintf (vfprintf.c:1301)
==12645==    by 0x5440F25: printf (printf.c:33)
==12645==    by 0x1088BF: main (main.c:14)
==12645== 
==12645== Use of uninitialised value of size 8
==12645==    at 0x542F347: __mpn_rshift (rshift.S:33)
==12645==    by 0x543C5FD: __printf_fp_l (printf_fp.c:775)
==12645==    by 0x5438A06: vfprintf (vfprintf.c:1642)
==12645==    by 0x543A67F: buffered_vfprintf (vfprintf.c:2329)
==12645==    by 0x5437725: vfprintf (vfprintf.c:1301)
==12645==    by 0x5440F25: printf (printf.c:33)
==12645==    by 0x1088BF: main (main.c:14)
==12645== 
==12645== Use of uninitialised value of size 8
==12645==    at 0x542F41A: __mpn_rshift (rshift.S:101)
==12645==    by 0x543C5FD: __printf_fp_l (printf_fp.c:775)
==12645==    by 0x5438A06: vfprintf (vfprintf.c:1642)
==12645==    by 0x543A67F: buffered_vfprintf (vfprintf.c:2329)
==12645==    by 0x5437725: vfprintf (vfprintf.c:1301)
==12645==    by 0x5440F25: printf (printf.c:33)
==12645==    by 0x1088BF: main (main.c:14)
==12645== 
==12645== Use of uninitialised value of size 8
==12645==    at 0x542F982: __mpn_mul_1 (mul_1.S:99)
==12645==    by 0x542F684: __mpn_mul (mul.c:81)
==12645==    by 0x543C533: __printf_fp_l (printf_fp.c:686)
==12645==    by 0x5438A06: vfprintf (vfprintf.c:1642)
==12645==    by 0x543A67F: buffered_vfprintf (vfprintf.c:2329)
==12645==    by 0x5437725: vfprintf (vfprintf.c:1301)
==12645==    by 0x5440F25: printf (printf.c:33)
==12645==    by 0x1088BF: main (main.c:14)
==12645== 
==12645== Use of uninitialised value of size 8
==12645==    at 0x542F98A: __mpn_mul_1 (mul_1.S:101)
==12645==    by 0x542F684: __mpn_mul (mul.c:81)
==12645==    by 0x543C533: __printf_fp_l (printf_fp.c:686)
==12645==    by 0x5438A06: vfprintf (vfprintf.c:1642)
==12645==    by 0x543A67F: buffered_vfprintf (vfprintf.c:2329)
==12645==    by 0x5437725: vfprintf (vfprintf.c:1301)
==12645==    by 0x5440F25: printf (printf.c:33)
==12645==    by 0x1088BF: main (main.c:14)
==12645== 
==12645== Use of uninitialised value of size 8
==12645==    at 0x542F241: __mpn_lshift (lshift.S:36)
==12645==    by 0x543D41C: __printf_fp_l (printf_fp.c:758)
==12645==    by 0x5438A06: vfprintf (vfprintf.c:1642)
==12645==    by 0x543A67F: buffered_vfprintf (vfprintf.c:2329)
==12645==    by 0x5437725: vfprintf (vfprintf.c:1301)
==12645==    by 0x5440F25: printf (printf.c:33)
==12645==    by 0x1088BF: main (main.c:14)
==12645== 
==12645== Use of uninitialised value of size 8
==12645==    at 0x542F30A: __mpn_lshift (lshift.S:103)
==12645==    by 0x543D41C: __printf_fp_l (printf_fp.c:758)
==12645==    by 0x5438A06: vfprintf (vfprintf.c:1642)
==12645==    by 0x543A67F: buffered_vfprintf (vfprintf.c:2329)
==12645==    by 0x5437725: vfprintf (vfprintf.c:1301)
==12645==    by 0x5440F25: printf (printf.c:33)
==12645==    by 0x1088BF: main (main.c:14)
==12645== 
==12645== Use of uninitialised value of size 8
==12645==    at 0x542F2E7: __mpn_lshift (lshift.S:94)
==12645==    by 0x543D41C: __printf_fp_l (printf_fp.c:758)
==12645==    by 0x5438A06: vfprintf (vfprintf.c:1642)
==12645==    by 0x543A67F: buffered_vfprintf (vfprintf.c:2329)
==12645==    by 0x5437725: vfprintf (vfprintf.c:1301)
==12645==    by 0x5440F25: printf (printf.c:33)
==12645==    by 0x1088BF: main (main.c:14)
==12645== 
==12645== Use of uninitialised value of size 8
==12645==    at 0x543D433: __printf_fp_l (printf_fp.c:761)
==12645==    by 0x5438A06: vfprintf (vfprintf.c:1642)
==12645==    by 0x543A67F: buffered_vfprintf (vfprintf.c:2329)
==12645==    by 0x5437725: vfprintf (vfprintf.c:1301)
==12645==    by 0x5440F25: printf (printf.c:33)
==12645==    by 0x1088BF: main (main.c:14)
==12645== 
==12645== Use of uninitialised value of size 8
==12645==    at 0x542F905: __mpn_mul_1 (mul_1.S:60)
==12645==    by 0x542F684: __mpn_mul (mul.c:81)
==12645==    by 0x543C533: __printf_fp_l (printf_fp.c:686)
==12645==    by 0x5438A06: vfprintf (vfprintf.c:1642)
==12645==    by 0x543A67F: buffered_vfprintf (vfprintf.c:2329)
==12645==    by 0x5437725: vfprintf (vfprintf.c:1301)
==12645==    by 0x5440F25: printf (printf.c:33)
==12645==    by 0x1088BF: main (main.c:14)
==12645== 
==12645== Use of uninitialised value of size 8
==12645==    at 0x542F977: __mpn_mul_1 (mul_1.S:96)
==12645==    by 0x542F684: __mpn_mul (mul.c:81)
==12645==    by 0x543C533: __printf_fp_l (printf_fp.c:686)
==12645==    by 0x5438A06: vfprintf (vfprintf.c:1642)
==12645==    by 0x543A67F: buffered_vfprintf (vfprintf.c:2329)
==12645==    by 0x5437725: vfprintf (vfprintf.c:1301)
==12645==    by 0x5440F25: printf (printf.c:33)
==12645==    by 0x1088BF: main (main.c:14)
==12645== 
==12645== Use of uninitialised value of size 8
==12645==    at 0x542F36E: __mpn_rshift (rshift.S:46)
==12645==    by 0x543C5FD: __printf_fp_l (printf_fp.c:775)
==12645==    by 0x5438A06: vfprintf (vfprintf.c:1642)
==12645==    by 0x543A67F: buffered_vfprintf (vfprintf.c:2329)
==12645==    by 0x5437725: vfprintf (vfprintf.c:1301)
==12645==    by 0x5440F25: printf (printf.c:33)
==12645==    by 0x1088BF: main (main.c:14)
==12645== 
==12645== Use of uninitialised value of size 8
==12645==    at 0x542F37D: __mpn_rshift (rshift.S:51)
==12645==    by 0x543C5FD: __printf_fp_l (printf_fp.c:775)
==12645==    by 0x5438A06: vfprintf (vfprintf.c:1642)
==12645==    by 0x543A67F: buffered_vfprintf (vfprintf.c:2329)
==12645==    by 0x5437725: vfprintf (vfprintf.c:1301)
==12645==    by 0x5440F25: printf (printf.c:33)
==12645==    by 0x1088BF: main (main.c:14)
==12645== 
==12645== Use of uninitialised value of size 8
==12645==    at 0x542F40A: __mpn_rshift (rshift.S:97)
==12645==    by 0x543C5FD: __printf_fp_l (printf_fp.c:775)
==12645==    by 0x5438A06: vfprintf (vfprintf.c:1642)
==12645==    by 0x543A67F: buffered_vfprintf (vfprintf.c:2329)
==12645==    by 0x5437725: vfprintf (vfprintf.c:1301)
==12645==    by 0x5440F25: printf (printf.c:33)
==12645==    by 0x1088BF: main (main.c:14)
==12645== 
==12645== Use of uninitialised value of size 8
==12645==    at 0x542F40E: __mpn_rshift (rshift.S:98)
==12645==    by 0x543C5FD: __printf_fp_l (printf_fp.c:775)
==12645==    by 0x5438A06: vfprintf (vfprintf.c:1642)
==12645==    by 0x543A67F: buffered_vfprintf (vfprintf.c:2329)
==12645==    by 0x5437725: vfprintf (vfprintf.c:1301)
==12645==    by 0x5440F25: printf (printf.c:33)
==12645==    by 0x1088BF: main (main.c:14)
==12645== 
==12645== Use of uninitialised value of size 8
==12645==    at 0x542F3F4: __mpn_rshift (rshift.S:91)
==12645==    by 0x543C5FD: __printf_fp_l (printf_fp.c:775)
==12645==    by 0x5438A06: vfprintf (vfprintf.c:1642)
==12645==    by 0x543A67F: buffered_vfprintf (vfprintf.c:2329)
==12645==    by 0x5437725: vfprintf (vfprintf.c:1301)
==12645==    by 0x5440F25: printf (printf.c:33)
==12645==    by 0x1088BF: main (main.c:14)
==12645== 
==12645== Use of uninitialised value of size 8
==12645==    at 0x543A989: hack_digit (printf_fp.c:174)
==12645==    by 0x543B88B: __printf_fp_l (printf_fp.c:938)
==12645==    by 0x5438A06: vfprintf (vfprintf.c:1642)
==12645==    by 0x543A67F: buffered_vfprintf (vfprintf.c:2329)
==12645==    by 0x5437725: vfprintf (vfprintf.c:1301)
==12645==    by 0x5440F25: printf (printf.c:33)
==12645==    by 0x1088BF: main (main.c:14)
==12645== 
==12645== Use of uninitialised value of size 8
==12645==    at 0x542F8C4: __mpn_mul_1 (mul_1.S:36)
==12645==    by 0x543A990: hack_digit (printf_fp.c:175)
==12645==    by 0x543B88B: __printf_fp_l (printf_fp.c:938)
==12645==    by 0x5438A06: vfprintf (vfprintf.c:1642)
==12645==    by 0x543A67F: buffered_vfprintf (vfprintf.c:2329)
==12645==    by 0x5437725: vfprintf (vfprintf.c:1301)
==12645==    by 0x5440F25: printf (printf.c:33)
==12645==    by 0x1088BF: main (main.c:14)
==12645== 
==12645== Use of uninitialised value of size 8
==12645==    at 0x542F982: __mpn_mul_1 (mul_1.S:99)
==12645==    by 0x543A990: hack_digit (printf_fp.c:175)
==12645==    by 0x543B88B: __printf_fp_l (printf_fp.c:938)
==12645==    by 0x5438A06: vfprintf (vfprintf.c:1642)
==12645==    by 0x543A67F: buffered_vfprintf (vfprintf.c:2329)
==12645==    by 0x5437725: vfprintf (vfprintf.c:1301)
==12645==    by 0x5440F25: printf (printf.c:33)
==12645==    by 0x1088BF: main (main.c:14)
==12645== 
==12645== Use of uninitialised value of size 8
==12645==    at 0x542F98A: __mpn_mul_1 (mul_1.S:101)
==12645==    by 0x543A990: hack_digit (printf_fp.c:175)
==12645==    by 0x543B88B: __printf_fp_l (printf_fp.c:938)
==12645==    by 0x5438A06: vfprintf (vfprintf.c:1642)
==12645==    by 0x543A67F: buffered_vfprintf (vfprintf.c:2329)
==12645==    by 0x5437725: vfprintf (vfprintf.c:1301)
==12645==    by 0x5440F25: printf (printf.c:33)
==12645==    by 0x1088BF: main (main.c:14)
==12645== 
==12645== Use of uninitialised value of size 8
==12645==    at 0x542F960: __mpn_mul_1 (mul_1.S:90)
==12645==    by 0x543A990: hack_digit (printf_fp.c:175)
==12645==    by 0x543B88B: __printf_fp_l (printf_fp.c:938)
==12645==    by 0x5438A06: vfprintf (vfprintf.c:1642)
==12645==    by 0x543A67F: buffered_vfprintf (vfprintf.c:2329)
==12645==    by 0x5437725: vfprintf (vfprintf.c:1301)
==12645==    by 0x5440F25: printf (printf.c:33)
==12645==    by 0x1088BF: main (main.c:14)
==12645== 
==12645== Use of uninitialised value of size 8
==12645==    at 0x542F967: __mpn_mul_1 (mul_1.S:92)
==12645==    by 0x543A990: hack_digit (printf_fp.c:175)
==12645==    by 0x543B88B: __printf_fp_l (printf_fp.c:938)
==12645==    by 0x5438A06: vfprintf (vfprintf.c:1642)
==12645==    by 0x543A67F: buffered_vfprintf (vfprintf.c:2329)
==12645==    by 0x5437725: vfprintf (vfprintf.c:1301)
==12645==    by 0x5440F25: printf (printf.c:33)
==12645==    by 0x1088BF: main (main.c:14)
==12645== 
==12645== Use of uninitialised value of size 8
==12645==    at 0x542F9C2: __mpn_mul_1 (mul_1.S:117)
==12645==    by 0x543A990: hack_digit (printf_fp.c:175)
==12645==    by 0x543B88B: __printf_fp_l (printf_fp.c:938)
==12645==    by 0x5438A06: vfprintf (vfprintf.c:1642)
==12645==    by 0x543A67F: buffered_vfprintf (vfprintf.c:2329)
==12645==    by 0x5437725: vfprintf (vfprintf.c:1301)
==12645==    by 0x5440F25: printf (printf.c:33)
==12645==    by 0x1088BF: main (main.c:14)
==12645== 
==12645== Use of uninitialised value of size 8
==12645==    at 0x543BAD9: hack_digit (printf_fp.c:174)
==12645==    by 0x543BAD9: __printf_fp_l (printf_fp.c:962)
==12645==    by 0x5438A06: vfprintf (vfprintf.c:1642)
==12645==    by 0x543A67F: buffered_vfprintf (vfprintf.c:2329)
==12645==    by 0x5437725: vfprintf (vfprintf.c:1301)
==12645==    by 0x5440F25: printf (printf.c:33)
==12645==    by 0x1088BF: main (main.c:14)
==12645== 
==12645== Use of uninitialised value of size 8
==12645==    at 0x542F8C4: __mpn_mul_1 (mul_1.S:36)
==12645==    by 0x543BAE7: hack_digit (printf_fp.c:175)
==12645==    by 0x543BAE7: __printf_fp_l (printf_fp.c:962)
==12645==    by 0x5438A06: vfprintf (vfprintf.c:1642)
==12645==    by 0x543A67F: buffered_vfprintf (vfprintf.c:2329)
==12645==    by 0x5437725: vfprintf (vfprintf.c:1301)
==12645==    by 0x5440F25: printf (printf.c:33)
==12645==    by 0x1088BF: main (main.c:14)
==12645== 
==12645== Use of uninitialised value of size 8
==12645==    at 0x542F982: __mpn_mul_1 (mul_1.S:99)
==12645==    by 0x543BAE7: hack_digit (printf_fp.c:175)
==12645==    by 0x543BAE7: __printf_fp_l (printf_fp.c:962)
==12645==    by 0x5438A06: vfprintf (vfprintf.c:1642)
==12645==    by 0x543A67F: buffered_vfprintf (vfprintf.c:2329)
==12645==    by 0x5437725: vfprintf (vfprintf.c:1301)
==12645==    by 0x5440F25: printf (printf.c:33)
==12645==    by 0x1088BF: main (main.c:14)
==12645== 
==12645== Use of uninitialised value of size 8
==12645==    at 0x542F98A: __mpn_mul_1 (mul_1.S:101)
==12645==    by 0x543BAE7: hack_digit (printf_fp.c:175)
==12645==    by 0x543BAE7: __printf_fp_l (printf_fp.c:962)
==12645==    by 0x5438A06: vfprintf (vfprintf.c:1642)
==12645==    by 0x543A67F: buffered_vfprintf (vfprintf.c:2329)
==12645==    by 0x5437725: vfprintf (vfprintf.c:1301)
==12645==    by 0x5440F25: printf (printf.c:33)
==12645==    by 0x1088BF: main (main.c:14)
==12645== 
==12645== Use of uninitialised value of size 8
==12645==    at 0x542F960: __mpn_mul_1 (mul_1.S:90)
==12645==    by 0x543BAE7: hack_digit (printf_fp.c:175)
==12645==    by 0x543BAE7: __printf_fp_l (printf_fp.c:962)
==12645==    by 0x5438A06: vfprintf (vfprintf.c:1642)
==12645==    by 0x543A67F: buffered_vfprintf (vfprintf.c:2329)
==12645==    by 0x5437725: vfprintf (vfprintf.c:1301)
==12645==    by 0x5440F25: printf (printf.c:33)
==12645==    by 0x1088BF: main (main.c:14)
==12645== 
==12645== Use of uninitialised value of size 8
==12645==    at 0x542F967: __mpn_mul_1 (mul_1.S:92)
==12645==    by 0x543BAE7: hack_digit (printf_fp.c:175)
==12645==    by 0x543BAE7: __printf_fp_l (printf_fp.c:962)
==12645==    by 0x5438A06: vfprintf (vfprintf.c:1642)
==12645==    by 0x543A67F: buffered_vfprintf (vfprintf.c:2329)
==12645==    by 0x5437725: vfprintf (vfprintf.c:1301)
==12645==    by 0x5440F25: printf (printf.c:33)
==12645==    by 0x1088BF: main (main.c:14)
==12645== 
==12645== Use of uninitialised value of size 8
==12645==    at 0x542F9C2: __mpn_mul_1 (mul_1.S:117)
==12645==    by 0x543BAE7: hack_digit (printf_fp.c:175)
==12645==    by 0x543BAE7: __printf_fp_l (printf_fp.c:962)
==12645==    by 0x5438A06: vfprintf (vfprintf.c:1642)
==12645==    by 0x543A67F: buffered_vfprintf (vfprintf.c:2329)
==12645==    by 0x5437725: vfprintf (vfprintf.c:1301)
==12645==    by 0x5440F25: printf (printf.c:33)
==12645==    by 0x1088BF: main (main.c:14)
==12645== 
==12645== Conditional jump or move depends on uninitialised value(s)
==12645==    at 0x543BB1D: __printf_fp_l (printf_fp.c:974)
==12645==    by 0x5438A06: vfprintf (vfprintf.c:1642)
==12645==    by 0x543A67F: buffered_vfprintf (vfprintf.c:2329)
==12645==    by 0x5437725: vfprintf (vfprintf.c:1301)
==12645==    by 0x5440F25: printf (printf.c:33)
==12645==    by 0x1088BF: main (main.c:14)
==12645== 
==12645== Use of uninitialised value of size 8
==12645==    at 0x543A989: hack_digit (printf_fp.c:174)
==12645==    by 0x543BB2F: __printf_fp_l (printf_fp.c:975)
==12645==    by 0x5438A06: vfprintf (vfprintf.c:1642)
==12645==    by 0x543A67F: buffered_vfprintf (vfprintf.c:2329)
==12645==    by 0x5437725: vfprintf (vfprintf.c:1301)
==12645==    by 0x5440F25: printf (printf.c:33)
==12645==    by 0x1088BF: main (main.c:14)
==12645== 
==12645== Use of uninitialised value of size 8
==12645==    at 0x542F8C4: __mpn_mul_1 (mul_1.S:36)
==12645==    by 0x543A990: hack_digit (printf_fp.c:175)
==12645==    by 0x543BB2F: __printf_fp_l (printf_fp.c:975)
==12645==    by 0x5438A06: vfprintf (vfprintf.c:1642)
==12645==    by 0x543A67F: buffered_vfprintf (vfprintf.c:2329)
==12645==    by 0x5437725: vfprintf (vfprintf.c:1301)
==12645==    by 0x5440F25: printf (printf.c:33)
==12645==    by 0x1088BF: main (main.c:14)
==12645== 
==12645== Use of uninitialised value of size 8
==12645==    at 0x542F982: __mpn_mul_1 (mul_1.S:99)
==12645==    by 0x543A990: hack_digit (printf_fp.c:175)
==12645==    by 0x543BB2F: __printf_fp_l (printf_fp.c:975)
==12645==    by 0x5438A06: vfprintf (vfprintf.c:1642)
==12645==    by 0x543A67F: buffered_vfprintf (vfprintf.c:2329)
==12645==    by 0x5437725: vfprintf (vfprintf.c:1301)
==12645==    by 0x5440F25: printf (printf.c:33)
==12645==    by 0x1088BF: main (main.c:14)
==12645== 
==12645== Use of uninitialised value of size 8
==12645==    at 0x542F98A: __mpn_mul_1 (mul_1.S:101)
==12645==    by 0x543A990: hack_digit (printf_fp.c:175)
==12645==    by 0x543BB2F: __printf_fp_l (printf_fp.c:975)
==12645==    by 0x5438A06: vfprintf (vfprintf.c:1642)
==12645==    by 0x543A67F: buffered_vfprintf (vfprintf.c:2329)
==12645==    by 0x5437725: vfprintf (vfprintf.c:1301)
==12645==    by 0x5440F25: printf (printf.c:33)
==12645==    by 0x1088BF: main (main.c:14)
==12645== 
==12645== Use of uninitialised value of size 8
==12645==    at 0x542F960: __mpn_mul_1 (mul_1.S:90)
==12645==    by 0x543A990: hack_digit (printf_fp.c:175)
==12645==    by 0x543BB2F: __printf_fp_l (printf_fp.c:975)
==12645==    by 0x5438A06: vfprintf (vfprintf.c:1642)
==12645==    by 0x543A67F: buffered_vfprintf (vfprintf.c:2329)
==12645==    by 0x5437725: vfprintf (vfprintf.c:1301)
==12645==    by 0x5440F25: printf (printf.c:33)
==12645==    by 0x1088BF: main (main.c:14)
==12645== 
==12645== Use of uninitialised value of size 8
==12645==    at 0x542F967: __mpn_mul_1 (mul_1.S:92)
==12645==    by 0x543A990: hack_digit (printf_fp.c:175)
==12645==    by 0x543BB2F: __printf_fp_l (printf_fp.c:975)
==12645==    by 0x5438A06: vfprintf (vfprintf.c:1642)
==12645==    by 0x543A67F: buffered_vfprintf (vfprintf.c:2329)
==12645==    by 0x5437725: vfprintf (vfprintf.c:1301)
==12645==    by 0x5440F25: printf (printf.c:33)
==12645==    by 0x1088BF: main (main.c:14)
==12645== 
==12645== Use of uninitialised value of size 8
==12645==    at 0x542F9C2: __mpn_mul_1 (mul_1.S:117)
==12645==    by 0x543A990: hack_digit (printf_fp.c:175)
==12645==    by 0x543BB2F: __printf_fp_l (printf_fp.c:975)
==12645==    by 0x5438A06: vfprintf (vfprintf.c:1642)
==12645==    by 0x543A67F: buffered_vfprintf (vfprintf.c:2329)
==12645==    by 0x5437725: vfprintf (vfprintf.c:1301)
==12645==    by 0x5440F25: printf (printf.c:33)
==12645==    by 0x1088BF: main (main.c:14)
==12645== 
==12645== Conditional jump or move depends on uninitialised value(s)
==12645==    at 0x543BB3E: __printf_fp_l (printf_fp.c:977)
==12645==    by 0x5438A06: vfprintf (vfprintf.c:1642)
==12645==    by 0x543A67F: buffered_vfprintf (vfprintf.c:2329)
==12645==    by 0x5437725: vfprintf (vfprintf.c:1301)
==12645==    by 0x5440F25: printf (printf.c:33)
==12645==    by 0x1088BF: main (main.c:14)
==12645== 
==12645== Conditional jump or move depends on uninitialised value(s)
==12645==    at 0x543C2CC: round_away (rounding-mode.h:52)
==12645==    by 0x543C2CC: __printf_fp_l (printf_fp.c:994)
==12645==    by 0x5438A06: vfprintf (vfprintf.c:1642)
==12645==    by 0x543A67F: buffered_vfprintf (vfprintf.c:2329)
==12645==    by 0x5437725: vfprintf (vfprintf.c:1301)
==12645==    by 0x5440F25: printf (printf.c:33)
==12645==    by 0x1088BF: main (main.c:14)
==12645== 
==12645== Conditional jump or move depends on uninitialised value(s)
==12645==    at 0x543C2D6: round_away (rounding-mode.h:52)
==12645==    by 0x543C2D6: __printf_fp_l (printf_fp.c:994)
==12645==    by 0x5438A06: vfprintf (vfprintf.c:1642)
==12645==    by 0x543A67F: buffered_vfprintf (vfprintf.c:2329)
==12645==    by 0x5437725: vfprintf (vfprintf.c:1301)
==12645==    by 0x5440F25: printf (printf.c:33)
==12645==    by 0x1088BF: main (main.c:14)
==12645== 
==12645== Conditional jump or move depends on uninitialised value(s)
==12645==    at 0x543C2FD: __printf_fp_l (printf_fp.c:1004)
==12645==    by 0x5438A06: vfprintf (vfprintf.c:1642)
==12645==    by 0x543A67F: buffered_vfprintf (vfprintf.c:2329)
==12645==    by 0x5437725: vfprintf (vfprintf.c:1301)
==12645==    by 0x5440F25: printf (printf.c:33)
==12645==    by 0x1088BF: main (main.c:14)
==12645== 
==12645== Conditional jump or move depends on uninitialised value(s)
==12645==    at 0x543C322: __printf_fp_l (printf_fp.c:1004)
==12645==    by 0x5438A06: vfprintf (vfprintf.c:1642)
==12645==    by 0x543A67F: buffered_vfprintf (vfprintf.c:2329)
==12645==    by 0x5437725: vfprintf (vfprintf.c:1301)
==12645==    by 0x5440F25: printf (printf.c:33)
==12645==    by 0x1088BF: main (main.c:14)
==12645== 
==12645== Conditional jump or move depends on uninitialised value(s)
==12645==    at 0x543C35B: __printf_fp_l (printf_fp.c:1024)
==12645==    by 0x5438A06: vfprintf (vfprintf.c:1642)
==12645==    by 0x543A67F: buffered_vfprintf (vfprintf.c:2329)
==12645==    by 0x5437725: vfprintf (vfprintf.c:1301)
==12645==    by 0x5440F25: printf (printf.c:33)
==12645==    by 0x1088BF: main (main.c:14)
==12645== 
==12645== Conditional jump or move depends on uninitialised value(s)
==12645==    at 0x543BBBB: __printf_fp_l (printf_fp.c:1093)
==12645==    by 0x5438A06: vfprintf (vfprintf.c:1642)
==12645==    by 0x543A67F: buffered_vfprintf (vfprintf.c:2329)
==12645==    by 0x5437725: vfprintf (vfprintf.c:1301)
==12645==    by 0x5440F25: printf (printf.c:33)
==12645==    by 0x1088BF: main (main.c:14)
==12645== 
==12645== Conditional jump or move depends on uninitialised value(s)
==12645==    at 0x543BCB1: __printf_fp_l (printf_fp.c:1162)
==12645==    by 0x5438A06: vfprintf (vfprintf.c:1642)
==12645==    by 0x543A67F: buffered_vfprintf (vfprintf.c:2329)
==12645==    by 0x5437725: vfprintf (vfprintf.c:1301)
==12645==    by 0x5440F25: printf (printf.c:33)
==12645==    by 0x1088BF: main (main.c:14)
==12645== 
==12645== Conditional jump or move depends on uninitialised value(s)
==12645==    at 0x543BDA4: __printf_fp_l (printf_fp.c:1169)
==12645==    by 0x5438A06: vfprintf (vfprintf.c:1642)
==12645==    by 0x543A67F: buffered_vfprintf (vfprintf.c:2329)
==12645==    by 0x5437725: vfprintf (vfprintf.c:1301)
==12645==    by 0x5440F25: printf (printf.c:33)
==12645==    by 0x1088BF: main (main.c:14)
==12645== 
==12645== Conditional jump or move depends on uninitialised value(s)
==12645==    at 0x543C89A: __printf_fp_l (printf_fp.c:1225)
==12645==    by 0x5438A06: vfprintf (vfprintf.c:1642)
==12645==    by 0x543A67F: buffered_vfprintf (vfprintf.c:2329)
==12645==    by 0x5437725: vfprintf (vfprintf.c:1301)
==12645==    by 0x5440F25: printf (printf.c:33)
==12645==    by 0x1088BF: main (main.c:14)
==12645== 
==12645== Conditional jump or move depends on uninitialised value(s)
==12645==    at 0x543C87B: __printf_fp_l (printf_fp.c:1227)
==12645==    by 0x5438A06: vfprintf (vfprintf.c:1642)
==12645==    by 0x543A67F: buffered_vfprintf (vfprintf.c:2329)
==12645==    by 0x5437725: vfprintf (vfprintf.c:1301)
==12645==    by 0x5440F25: printf (printf.c:33)
==12645==    by 0x1088BF: main (main.c:14)
==12645== 
==12645== Conditional jump or move depends on uninitialised value(s)
==12645==    at 0x543CC3D: __printf_fp_l (printf_fp.c:987)
==12645==    by 0x5438A06: vfprintf (vfprintf.c:1642)
==12645==    by 0x543A67F: buffered_vfprintf (vfprintf.c:2329)
==12645==    by 0x5437725: vfprintf (vfprintf.c:1301)
==12645==    by 0x5440F25: printf (printf.c:33)
==12645==    by 0x1088BF: main (main.c:14)
==12645== 
==12645== Conditional jump or move depends on uninitialised value(s)
==12645==    at 0x543CC58: __printf_fp_l (printf_fp.c:987)
==12645==    by 0x5438A06: vfprintf (vfprintf.c:1642)
==12645==    by 0x543A67F: buffered_vfprintf (vfprintf.c:2329)
==12645==    by 0x5437725: vfprintf (vfprintf.c:1301)
==12645==    by 0x5440F25: printf (printf.c:33)
==12645==    by 0x1088BF: main (main.c:14)
==12645== 
==12645== Conditional jump or move depends on uninitialised value(s)
==12645==    at 0x543C66E: __printf_fp_l (printf_fp.c:787)
==12645==    by 0x5438A06: vfprintf (vfprintf.c:1642)
==12645==    by 0x543A67F: buffered_vfprintf (vfprintf.c:2329)
==12645==    by 0x5437725: vfprintf (vfprintf.c:1301)
==12645==    by 0x5440F25: printf (printf.c:33)
==12645==    by 0x1088BF: main (main.c:14)
==12645== 
==12645== 
==12645== More than 100 errors detected.  Subsequent errors
==12645== will still be recorded, but in less detail than before.
==12645== Syscall param write(buf) points to uninitialised byte(s)
==12645==    at 0x54EC154: write (write.c:27)
==12645==    by 0x54671BC: _IO_file_write@@GLIBC_2.2.5 (fileops.c:1203)
==12645==    by 0x5467B2E: new_do_write (fileops.c:457)
==12645==    by 0x5467B2E: _IO_file_xsputn@@GLIBC_2.2.5 (fileops.c:1277)
==12645==    by 0x543A706: buffered_vfprintf (vfprintf.c:2350)
==12645==    by 0x5437725: vfprintf (vfprintf.c:1301)
==12645==    by 0x5440F25: printf (printf.c:33)
==12645==    by 0x1088BF: main (main.c:14)
==12645==  Address 0x1ffeffe266 is on thread 1's stack
==12645==  in frame #3, created by buffered_vfprintf (vfprintf.c:2296)
==12645== 
==12645== 
==12645== Process terminating with default action of signal 1 (SIGHUP)
==12645==    at 0x54EC152: write (write.c:27)
==12645==    by 0x54671BC: _IO_file_write@@GLIBC_2.2.5 (fileops.c:1203)
==12645==    by 0x5467B2E: new_do_write (fileops.c:457)
==12645==    by 0x5467B2E: _IO_file_xsputn@@GLIBC_2.2.5 (fileops.c:1277)
==12645==    by 0x543A706: buffered_vfprintf (vfprintf.c:2350)
==12645==    by 0x5437725: vfprintf (vfprintf.c:1301)
==12645==    by 0x5440F25: printf (printf.c:33)
==12645==    by 0x1088BF: main (main.c:14)
==12645== 
==12645== HEAP SUMMARY:
==12645==     in use at exit: 0 bytes in 0 blocks
==12645==   total heap usage: 1 allocs, 1 frees, 1,024 bytes allocated
==12645== 
==12645== All heap blocks were freed -- no leaks are possible
==12645== 
==12645== For counts of detected and suppressed errors, rerun with: -v
==12645== Use --track-origins=yes to see where uninitialised values come from
==12645== ERROR SUMMARY: 526 errors from 101 contexts (suppressed: 0 from 0)
