==11898== Memcheck, a memory error detector
==11898== Copyright (C) 2002-2017, and GNU GPL'd, by Julian Seward et al.
==11898== Using Valgrind-3.13.0 and LibVEX; rerun with -h for copyright info
==11898== Command: /rhome/m/mhadzic9/workspace/OR/ZSR2/Z11/.runme
==11898== Parent PID: 11883
==11898== 
==11898== 
==11898== Process terminating with default action of signal 1 (SIGHUP)
==11898==    at 0x514E081: read (read.c:27)
==11898==    by 0x50CB147: _IO_file_underflow@@GLIBC_2.2.5 (fileops.c:531)
==11898==    by 0x50CC3F1: _IO_default_uflow (genops.c:380)
==11898==    by 0x50A9BE9: _IO_vfscanf (vfscanf.c:630)
==11898==    by 0x50B9FD7: __isoc99_scanf (isoc99_scanf.c:37)
==11898==    by 0x108759: main (main.c:7)
==11898== 
==11898== HEAP SUMMARY:
==11898==     in use at exit: 0 bytes in 0 blocks
==11898==   total heap usage: 1 allocs, 1 frees, 1,024 bytes allocated
==11898== 
==11898== All heap blocks were freed -- no leaks are possible
==11898== 
==11898== For counts of detected and suppressed errors, rerun with: -v
==11898== ERROR SUMMARY: 0 errors from 0 contexts (suppressed: 0 from 0)
