==12355== Memcheck, a memory error detector
==12355== Copyright (C) 2002-2017, and GNU GPL'd, by Julian Seward et al.
==12355== Using Valgrind-3.13.0 and LibVEX; rerun with -h for copyright info
==12355== Command: /rhome/m/mhadzic9/workspace/OR/ZSR4/Z11/.runme
==12355== Parent PID: 12340
==12355== 
==12355== 
==12355== Process terminating with default action of signal 1 (SIGHUP)
==12355==    at 0x514E152: write (write.c:27)
==12355==    by 0x50C91BC: _IO_file_write@@GLIBC_2.2.5 (fileops.c:1203)
==12355==    by 0x50C9B2E: new_do_write (fileops.c:457)
==12355==    by 0x50C9B2E: _IO_file_xsputn@@GLIBC_2.2.5 (fileops.c:1277)
==12355==    by 0x509C706: buffered_vfprintf (vfprintf.c:2350)
==12355==    by 0x5099725: vfprintf (vfprintf.c:1301)
==12355==    by 0x50A2F25: printf (printf.c:33)
==12355==    by 0x1087BA: main (main.c:8)
==12355== 
==12355== HEAP SUMMARY:
==12355==     in use at exit: 0 bytes in 0 blocks
==12355==   total heap usage: 1 allocs, 1 frees, 1,024 bytes allocated
==12355== 
==12355== All heap blocks were freed -- no leaks are possible
==12355== 
==12355== For counts of detected and suppressed errors, rerun with: -v
==12355== ERROR SUMMARY: 0 errors from 0 contexts (suppressed: 0 from 0)
