==21467== Memcheck, a memory error detector
==21467== Copyright (C) 2002-2017, and GNU GPL'd, by Julian Seward et al.
==21467== Using Valgrind-3.13.0 and LibVEX; rerun with -h for copyright info
==21467== Command: /rhome/m/mhadzic9/workspace/OR/Z5/Z1/.runme
==21467== Parent PID: 21454
==21467== 
==21467== 
==21467== Process terminating with default action of signal 15 (SIGTERM)
==21467==    at 0x514E081: read (read.c:27)
==21467==    by 0x50CB147: _IO_file_underflow@@GLIBC_2.2.5 (fileops.c:531)
==21467==    by 0x50CC3F1: _IO_default_uflow (genops.c:380)
==21467==    by 0x50A9BE9: _IO_vfscanf (vfscanf.c:630)
==21467==    by 0x50B9FD7: __isoc99_scanf (isoc99_scanf.c:37)
==21467==    by 0x108CC6: main (main.c:67)
==21467== 
==21467== HEAP SUMMARY:
==21467==     in use at exit: 0 bytes in 0 blocks
==21467==   total heap usage: 1 allocs, 1 frees, 1,024 bytes allocated
==21467== 
==21467== All heap blocks were freed -- no leaks are possible
==21467== 
==21467== For counts of detected and suppressed errors, rerun with: -v
==21467== ERROR SUMMARY: 0 errors from 0 contexts (suppressed: 0 from 0)
