==22835== Memcheck, a memory error detector
==22835== Copyright (C) 2002-2017, and GNU GPL'd, by Julian Seward et al.
==22835== Using Valgrind-3.13.0 and LibVEX; rerun with -h for copyright info
==22835== Command: /rhome/m/mhadzic9/workspace/OR/ZSR6/Z1/.runme
==22835== Parent PID: 22822
==22835== 
==22835== 
==22835== Process terminating with default action of signal 15 (SIGTERM)
==22835==    at 0x514E191: read (read.c:27)
==22835==    by 0x50CB1B7: _IO_file_underflow@@GLIBC_2.2.5 (fileops.c:531)
==22835==    by 0x50CC461: _IO_default_uflow (genops.c:380)
==22835==    by 0x50A9C59: _IO_vfscanf (vfscanf.c:630)
==22835==    by 0x50BA047: __isoc99_scanf (isoc99_scanf.c:37)
==22835==    by 0x1087AF: main (main.c:10)
==22835== 
==22835== HEAP SUMMARY:
==22835==     in use at exit: 0 bytes in 0 blocks
==22835==   total heap usage: 1 allocs, 1 frees, 1,024 bytes allocated
==22835== 
==22835== All heap blocks were freed -- no leaks are possible
==22835== 
==22835== For counts of detected and suppressed errors, rerun with: -v
==22835== ERROR SUMMARY: 0 errors from 0 contexts (suppressed: 0 from 0)
