==27656== Memcheck, a memory error detector
==27656== Copyright (C) 2002-2017, and GNU GPL'd, by Julian Seward et al.
==27656== Using Valgrind-3.13.0 and LibVEX; rerun with -h for copyright info
==27656== Command: /rhome/m/mhadzic9/workspace/OR/ZSR2/Z14/.runme
==27656== Parent PID: 27642
==27656== 
==27656== Conditional jump or move depends on uninitialised value(s)
==27656==    at 0x1087B2: main (main.c:9)
==27656== 
==27656== 
==27656== Process terminating with default action of signal 1 (SIGHUP)
==27656==    at 0x514E152: write (write.c:27)
==27656==    by 0x50C91BC: _IO_file_write@@GLIBC_2.2.5 (fileops.c:1203)
==27656==    by 0x50C9B2E: new_do_write (fileops.c:457)
==27656==    by 0x50C9B2E: _IO_file_xsputn@@GLIBC_2.2.5 (fileops.c:1277)
==27656==    by 0x509C706: buffered_vfprintf (vfprintf.c:2350)
==27656==    by 0x5099725: vfprintf (vfprintf.c:1301)
==27656==    by 0x50A2F25: printf (printf.c:33)
==27656==    by 0x1087DA: main (main.c:13)
==27656== 
==27656== HEAP SUMMARY:
==27656==     in use at exit: 0 bytes in 0 blocks
==27656==   total heap usage: 1 allocs, 1 frees, 1,024 bytes allocated
==27656== 
==27656== All heap blocks were freed -- no leaks are possible
==27656== 
==27656== For counts of detected and suppressed errors, rerun with: -v
==27656== Use --track-origins=yes to see where uninitialised values come from
==27656== ERROR SUMMARY: 1 errors from 1 contexts (suppressed: 0 from 0)
