==21011== Memcheck, a memory error detector
==21011== Copyright (C) 2002-2017, and GNU GPL'd, by Julian Seward et al.
==21011== Using Valgrind-3.13.0 and LibVEX; rerun with -h for copyright info
==21011== Command: /rhome/m/mhadzic9/workspace/OR/Z3/Z4/.runme
==21011== Parent PID: 21006
==21011== 
==21011== 
==21011== Process terminating with default action of signal 1 (SIGHUP)
==21011==    at 0x514E081: read (read.c:27)
==21011==    by 0x50CB147: _IO_file_underflow@@GLIBC_2.2.5 (fileops.c:531)
==21011==    by 0x50CC3F1: _IO_default_uflow (genops.c:380)
==21011==    by 0x50A9BE9: _IO_vfscanf (vfscanf.c:630)
==21011==    by 0x50B9FD7: __isoc99_scanf (isoc99_scanf.c:37)
==21011==    by 0x108CD3: main (main.c:67)
==21011== 
==21011== HEAP SUMMARY:
==21011==     in use at exit: 0 bytes in 0 blocks
==21011==   total heap usage: 1 allocs, 1 frees, 1,024 bytes allocated
==21011== 
==21011== All heap blocks were freed -- no leaks are possible
==21011== 
==21011== For counts of detected and suppressed errors, rerun with: -v
==21011== ERROR SUMMARY: 0 errors from 0 contexts (suppressed: 0 from 0)
