==25101== Memcheck, a memory error detector
==25101== Copyright (C) 2002-2017, and GNU GPL'd, by Julian Seward et al.
==25101== Using Valgrind-3.13.0 and LibVEX; rerun with -h for copyright info
==25101== Command: /rhome/m/mhadzic9/workspace/OR/T13/Z3/.runme
==25101== Parent PID: 25087
==25101== 
==25101== 
==25101== Process terminating with default action of signal 15 (SIGTERM)
==25101==    at 0x514E081: read (read.c:27)
==25101==    by 0x50CB147: _IO_file_underflow@@GLIBC_2.2.5 (fileops.c:531)
==25101==    by 0x50CC3F1: _IO_default_uflow (genops.c:380)
==25101==    by 0x50A9BE9: _IO_vfscanf (vfscanf.c:630)
==25101==    by 0x50B9FD7: __isoc99_scanf (isoc99_scanf.c:37)
==25101==    by 0x108A42: main (main.c:42)
==25101== 
==25101== HEAP SUMMARY:
==25101==     in use at exit: 0 bytes in 0 blocks
==25101==   total heap usage: 1 allocs, 1 frees, 1,024 bytes allocated
==25101== 
==25101== All heap blocks were freed -- no leaks are possible
==25101== 
==25101== For counts of detected and suppressed errors, rerun with: -v
==25101== ERROR SUMMARY: 0 errors from 0 contexts (suppressed: 0 from 0)
