[New LWP 13934]
Core was generated by `'.
Program terminated with signal SIGSEGV, Segmentation fault.
#0  0x0000000000108876 in ?? ()
#0  0x0000000000108876 in ?? ()
#1  0x00000000040278a8 in ?? ()
#2  0x0000001fff000728 in ?? ()
#3  0x0000000004028100 in ?? ()
#4  0x0000013e04027550 in ?? ()
#5  0x0000013e00000139 in ?? ()
#6  0x4000000000000000 in ?? ()
#7  0x3ff0000000000000 in ?? ()
#8  0x3ff8000000000000 in ?? ()
#9  0x3ffc000000000000 in ?? ()
#10 0x3ffe000000000000 in ?? ()
#11 0x3fff000000000000 in ?? ()
#12 0x3fff800000000000 in ?? ()
#13 0x3fffc00000000000 in ?? ()
#14 0x3fffe00000000000 in ?? ()
#15 0x3ffff00000000000 in ?? ()
#16 0x3ffff80000000000 in ?? ()
#17 0x3ffffc0000000000 in ?? ()
#18 0x3ffffe0000000000 in ?? ()
#19 0x3fffff0000000000 in ?? ()
#20 0x3fffff8000000000 in ?? ()
#21 0x3fffffc000000000 in ?? ()
#22 0x3fffffe000000000 in ?? ()
#23 0x3ffffff000000000 in ?? ()
#24 0x3ffffff800000000 in ?? ()
#25 0x3ffffffc00000000 in ?? ()
#26 0x3ffffffe00000000 in ?? ()
#27 0x3fffffff00000000 in ?? ()
#28 0x3fffffff80000000 in ?? ()
#29 0x3fffffffc0000000 in ?? ()
#30 0x3fffffffe0000000 in ?? ()
#31 0x3ffffffff0000000 in ?? ()
#32 0x3ffffffff8000000 in ?? ()
#33 0x3ffffffffc000000 in ?? ()
#34 0x3ffffffffe000000 in ?? ()
#35 0x3fffffffff000000 in ?? ()
#36 0x3fffffffff800000 in ?? ()
#37 0x3fffffffffc00000 in ?? ()
#38 0x3fffffffffe00000 in ?? ()
#39 0x3ffffffffff00000 in ?? ()
#40 0x3ffffffffff80000 in ?? ()
#41 0x3ffffffffffc0000 in ?? ()
#42 0x3ffffffffffe0000 in ?? ()
#43 0x3fffffffffff0000 in ?? ()
#44 0x3fffffffffff8000 in ?? ()
#45 0x3fffffffffffc000 in ?? ()
#46 0x3fffffffffffe000 in ?? ()
#47 0x3ffffffffffff000 in ?? ()
#48 0x3ffffffffffff800 in ?? ()
#49 0x3ffffffffffffc00 in ?? ()
#50 0x3ffffffffffffe00 in ?? ()
#51 0x3fffffffffffff00 in ?? ()
#52 0x3fffffffffffff80 in ?? ()
#53 0x3fffffffffffffc0 in ?? ()
#54 0x3fffffffffffffe0 in ?? ()
#55 0x3ffffffffffffff0 in ?? ()
#56 0x3ffffffffffffff8 in ?? ()
#57 0x3ffffffffffffffc in ?? ()
#58 0x3ffffffffffffffe in ?? ()
#59 0x3fffffffffffffff in ?? ()
#60 0x4000000000000000 in ?? ()
#61 0x4000000000000000 in ?? ()
#62 0x4000000000000000 in ?? ()
#63 0x4000000000000000 in ?? ()
#64 0x4000000000000000 in ?? ()
#65 0x4000000000000000 in ?? ()
#66 0x4000000000000000 in ?? ()
#67 0x4000000000000000 in ?? ()
#68 0x4000000000000000 in ?? ()
#69 0x4000000000000000 in ?? ()
#70 0x4000000000000000 in ?? ()
#71 0x4000000000000000 in ?? ()
#72 0x4000000000000000 in ?? ()
#73 0x4000000000000000 in ?? ()
#74 0x4000000000000000 in ?? ()
#75 0x4000000000000000 in ?? ()
#76 0x4000000000000000 in ?? ()
#77 0x4000000000000000 in ?? ()
#78 0x4000000000000000 in ?? ()
#79 0x4000000000000000 in ?? ()
#80 0x4000000000000000 in ?? ()
#81 0x4000000000000000 in ?? ()
#82 0x4000000000000000 in ?? ()
#83 0x4000000000000000 in ?? ()
#84 0x4000000000000000 in ?? ()
#85 0x4000000000000000 in ?? ()
#86 0x4000000000000000 in ?? ()
#87 0x4000000000000000 in ?? ()
#88 0x4000000000000000 in ?? ()
#89 0x4000000000000000 in ?? ()
#90 0x4000000000000000 in ?? ()
#91 0x4000000000000000 in ?? ()
#92 0x4000000000000000 in ?? ()
#93 0x4000000000000000 in ?? ()
#94 0x4000000000000000 in ?? ()
#95 0x4000000000000000 in ?? ()
#96 0x4000000000000000 in ?? ()
#97 0x4000000000000000 in ?? ()
#98 0x4000000000000000 in ?? ()
#99 0x4000000000000000 in ?? ()
