==14175== Memcheck, a memory error detector
==14175== Copyright (C) 2002-2017, and GNU GPL'd, by Julian Seward et al.
==14175== Using Valgrind-3.13.0 and LibVEX; rerun with -h for copyright info
==14175== Command: /rhome/m/mhadzic9/workspace/OR/ZSR4/Z12/.runme
==14175== Parent PID: 14162
==14175== 
==14175== 
==14175== Process terminating with default action of signal 1 (SIGHUP)
==14175==    at 0x514E152: write (write.c:27)
==14175==    by 0x50C91BC: _IO_file_write@@GLIBC_2.2.5 (fileops.c:1203)
==14175==    by 0x50C9B2E: new_do_write (fileops.c:457)
==14175==    by 0x50C9B2E: _IO_file_xsputn@@GLIBC_2.2.5 (fileops.c:1277)
==14175==    by 0x509C706: buffered_vfprintf (vfprintf.c:2350)
==14175==    by 0x5099725: vfprintf (vfprintf.c:1301)
==14175==    by 0x50A2F25: printf (printf.c:33)
==14175==    by 0x1087BA: main (main.c:8)
==14175== 
==14175== HEAP SUMMARY:
==14175==     in use at exit: 0 bytes in 0 blocks
==14175==   total heap usage: 1 allocs, 1 frees, 1,024 bytes allocated
==14175== 
==14175== All heap blocks were freed -- no leaks are possible
==14175== 
==14175== For counts of detected and suppressed errors, rerun with: -v
==14175== ERROR SUMMARY: 0 errors from 0 contexts (suppressed: 0 from 0)
