==16311== Memcheck, a memory error detector
==16311== Copyright (C) 2002-2017, and GNU GPL'd, by Julian Seward et al.
==16311== Using Valgrind-3.13.0 and LibVEX; rerun with -h for copyright info
==16311== Command: /rhome/m/mhadzic9/workspace/OR/ZSR4/Z2/.runme
==16311== Parent PID: 16297
==16311== 
==16311== 
==16311== Process terminating with default action of signal 1 (SIGHUP)
==16311==    at 0x514E152: write (write.c:27)
==16311==    by 0x50C91BC: _IO_file_write@@GLIBC_2.2.5 (fileops.c:1203)
==16311==    by 0x50C9B2E: new_do_write (fileops.c:457)
==16311==    by 0x50C9B2E: _IO_file_xsputn@@GLIBC_2.2.5 (fileops.c:1277)
==16311==    by 0x50BEA8E: puts (ioputs.c:40)
==16311==    by 0x1087FB: main (main.c:17)
==16311== 
==16311== HEAP SUMMARY:
==16311==     in use at exit: 0 bytes in 0 blocks
==16311==   total heap usage: 1 allocs, 1 frees, 1,024 bytes allocated
==16311== 
==16311== All heap blocks were freed -- no leaks are possible
==16311== 
==16311== For counts of detected and suppressed errors, rerun with: -v
==16311== ERROR SUMMARY: 0 errors from 0 contexts (suppressed: 0 from 0)
