==22431== Memcheck, a memory error detector
==22431== Copyright (C) 2002-2017, and GNU GPL'd, by Julian Seward et al.
==22431== Using Valgrind-3.13.0 and LibVEX; rerun with -h for copyright info
==22431== Command: /rhome/m/mhadzic9/workspace/OR/ZSR2/Z13/.runme
==22431== Parent PID: 22416
==22431== 
==22431== Conditional jump or move depends on uninitialised value(s)
==22431==    at 0x10875F: main (main.c:7)
==22431== 
==22431== Conditional jump or move depends on uninitialised value(s)
==22431==    at 0x108767: main (main.c:7)
==22431== 
==22431== Conditional jump or move depends on uninitialised value(s)
==22431==    at 0x1087AA: main (main.c:11)
==22431== 
==22431== Conditional jump or move depends on uninitialised value(s)
==22431==    at 0x1087D6: main (main.c:11)
==22431== 
==22431== Conditional jump or move depends on uninitialised value(s)
==22431==    at 0x1087FE: main (main.c:11)
==22431== 
==22431== Conditional jump or move depends on uninitialised value(s)
==22431==    at 0x108826: main (main.c:11)
==22431== 
==22431== Conditional jump or move depends on uninitialised value(s)
==22431==    at 0x10882E: main (main.c:11)
==22431== 
==22431== Conditional jump or move depends on uninitialised value(s)
==22431==    at 0x108836: main (main.c:11)
==22431== 
==22431== Conditional jump or move depends on uninitialised value(s)
==22431==    at 0x10883E: main (main.c:11)
==22431== 
==22431== Conditional jump or move depends on uninitialised value(s)
==22431==    at 0x108846: main (main.c:11)
==22431== 
==22431== Conditional jump or move depends on uninitialised value(s)
==22431==    at 0x108884: main (main.c:14)
==22431== 
==22431== Conditional jump or move depends on uninitialised value(s)
==22431==    at 0x10888C: main (main.c:14)
==22431== 
==22431== Conditional jump or move depends on uninitialised value(s)
==22431==    at 0x509A8DA: vfprintf (vfprintf.c:1642)
==22431==    by 0x509C67F: buffered_vfprintf (vfprintf.c:2329)
==22431==    by 0x5099725: vfprintf (vfprintf.c:1301)
==22431==    by 0x50A2F25: printf (printf.c:33)
==22431==    by 0x1088A3: main (main.c:15)
==22431== 
==22431== Use of uninitialised value of size 8
==22431==    at 0x509686B: _itoa_word (_itoa.c:179)
==22431==    by 0x5099F0D: vfprintf (vfprintf.c:1642)
==22431==    by 0x509C67F: buffered_vfprintf (vfprintf.c:2329)
==22431==    by 0x5099725: vfprintf (vfprintf.c:1301)
==22431==    by 0x50A2F25: printf (printf.c:33)
==22431==    by 0x1088A3: main (main.c:15)
==22431== 
==22431== Conditional jump or move depends on uninitialised value(s)
==22431==    at 0x5096875: _itoa_word (_itoa.c:179)
==22431==    by 0x5099F0D: vfprintf (vfprintf.c:1642)
==22431==    by 0x509C67F: buffered_vfprintf (vfprintf.c:2329)
==22431==    by 0x5099725: vfprintf (vfprintf.c:1301)
==22431==    by 0x50A2F25: printf (printf.c:33)
==22431==    by 0x1088A3: main (main.c:15)
==22431== 
==22431== Conditional jump or move depends on uninitialised value(s)
==22431==    at 0x509A014: vfprintf (vfprintf.c:1642)
==22431==    by 0x509C67F: buffered_vfprintf (vfprintf.c:2329)
==22431==    by 0x5099725: vfprintf (vfprintf.c:1301)
==22431==    by 0x50A2F25: printf (printf.c:33)
==22431==    by 0x1088A3: main (main.c:15)
==22431== 
==22431== Conditional jump or move depends on uninitialised value(s)
==22431==    at 0x509AB4C: vfprintf (vfprintf.c:1642)
==22431==    by 0x509C67F: buffered_vfprintf (vfprintf.c:2329)
==22431==    by 0x5099725: vfprintf (vfprintf.c:1301)
==22431==    by 0x50A2F25: printf (printf.c:33)
==22431==    by 0x1088A3: main (main.c:15)
==22431== 
==22431== 
==22431== Process terminating with default action of signal 1 (SIGHUP)
==22431==    at 0x514E152: write (write.c:27)
==22431==    by 0x50C91BC: _IO_file_write@@GLIBC_2.2.5 (fileops.c:1203)
==22431==    by 0x50C9B2E: new_do_write (fileops.c:457)
==22431==    by 0x50C9B2E: _IO_file_xsputn@@GLIBC_2.2.5 (fileops.c:1277)
==22431==    by 0x509C706: buffered_vfprintf (vfprintf.c:2350)
==22431==    by 0x5099725: vfprintf (vfprintf.c:1301)
==22431==    by 0x50A2F25: printf (printf.c:33)
==22431==    by 0x1088A3: main (main.c:15)
==22431== 
==22431== HEAP SUMMARY:
==22431==     in use at exit: 0 bytes in 0 blocks
==22431==   total heap usage: 1 allocs, 1 frees, 1,024 bytes allocated
==22431== 
==22431== All heap blocks were freed -- no leaks are possible
==22431== 
==22431== For counts of detected and suppressed errors, rerun with: -v
==22431== Use --track-origins=yes to see where uninitialised values come from
==22431== ERROR SUMMARY: 19 errors from 17 contexts (suppressed: 0 from 0)
