==31670== Memcheck, a memory error detector
==31670== Copyright (C) 2002-2017, and GNU GPL'd, by Julian Seward et al.
==31670== Using Valgrind-3.13.0 and LibVEX; rerun with -h for copyright info
==31670== Command: /rhome/m/mhadzic9/workspace/OR/Z1/Z4/.runme
==31670== Parent PID: 31666
==31670== 
==31670== 
==31670== Process terminating with default action of signal 15 (SIGTERM)
==31670==    at 0x54EC081: read (read.c:27)
==31670==    by 0x5469147: _IO_file_underflow@@GLIBC_2.2.5 (fileops.c:531)
==31670==    by 0x546A3F1: _IO_default_uflow (genops.c:380)
==31670==    by 0x544D1AF: _IO_vfscanf (vfscanf.c:742)
==31670==    by 0x5457FD7: __isoc99_scanf (isoc99_scanf.c:37)
==31670==    by 0x108828: main (main.c:9)
==31670== 
==31670== HEAP SUMMARY:
==31670==     in use at exit: 0 bytes in 0 blocks
==31670==   total heap usage: 1 allocs, 1 frees, 1,024 bytes allocated
==31670== 
==31670== All heap blocks were freed -- no leaks are possible
==31670== 
==31670== For counts of detected and suppressed errors, rerun with: -v
==31670== ERROR SUMMARY: 0 errors from 0 contexts (suppressed: 0 from 0)
