==27514== Memcheck, a memory error detector
==27514== Copyright (C) 2002-2017, and GNU GPL'd, by Julian Seward et al.
==27514== Using Valgrind-3.13.0 and LibVEX; rerun with -h for copyright info
==27514== Command: /rhome/m/mhadzic9/workspace/OR/ZSR4/Z9/.runme
==27514== Parent PID: 27501
==27514== 
==27514== 
==27514== Process terminating with default action of signal 15 (SIGTERM)
==27514==    at 0x514E081: read (read.c:27)
==27514==    by 0x50CB147: _IO_file_underflow@@GLIBC_2.2.5 (fileops.c:531)
==27514==    by 0x50CC3F1: _IO_default_uflow (genops.c:380)
==27514==    by 0x50A9BE9: _IO_vfscanf (vfscanf.c:630)
==27514==    by 0x50B9FD7: __isoc99_scanf (isoc99_scanf.c:37)
==27514==    by 0x1087E9: main (main.c:6)
==27514== 
==27514== HEAP SUMMARY:
==27514==     in use at exit: 0 bytes in 0 blocks
==27514==   total heap usage: 1 allocs, 1 frees, 1,024 bytes allocated
==27514== 
==27514== All heap blocks were freed -- no leaks are possible
==27514== 
==27514== For counts of detected and suppressed errors, rerun with: -v
==27514== ERROR SUMMARY: 0 errors from 0 contexts (suppressed: 0 from 0)
