==18130== Memcheck, a memory error detector
==18130== Copyright (C) 2002-2017, and GNU GPL'd, by Julian Seward et al.
==18130== Using Valgrind-3.13.0 and LibVEX; rerun with -h for copyright info
==18130== Command: /rhome/m/mhadzic9/workspace/OR/Z3/Z3/.runme
==18130== Parent PID: 18117
==18130== 
==18130== 
==18130== Process terminating with default action of signal 1 (SIGHUP)
==18130==    at 0x514E081: read (read.c:27)
==18130==    by 0x50CB147: _IO_file_underflow@@GLIBC_2.2.5 (fileops.c:531)
==18130==    by 0x50CC3F1: _IO_default_uflow (genops.c:380)
==18130==    by 0x50A9BE9: _IO_vfscanf (vfscanf.c:630)
==18130==    by 0x50B9FD7: __isoc99_scanf (isoc99_scanf.c:37)
==18130==    by 0x108A48: main (main.c:55)
==18130== 
==18130== HEAP SUMMARY:
==18130==     in use at exit: 0 bytes in 0 blocks
==18130==   total heap usage: 1 allocs, 1 frees, 1,024 bytes allocated
==18130== 
==18130== All heap blocks were freed -- no leaks are possible
==18130== 
==18130== For counts of detected and suppressed errors, rerun with: -v
==18130== ERROR SUMMARY: 0 errors from 0 contexts (suppressed: 0 from 0)
