==3534== Memcheck, a memory error detector
==3534== Copyright (C) 2002-2017, and GNU GPL'd, by Julian Seward et al.
==3534== Using Valgrind-3.13.0 and LibVEX; rerun with -h for copyright info
==3534== Command: /rhome/m/mhadzic9/workspace/OR/T12/Z3/.runme
==3534== Parent PID: 3521
==3534== 
==3534== 
==3534== HEAP SUMMARY:
==3534==     in use at exit: 552 bytes in 1 blocks
==3534==   total heap usage: 3 allocs, 2 frees, 9,768 bytes allocated
==3534== 
==3534== LEAK SUMMARY:
==3534==    definitely lost: 0 bytes in 0 blocks
==3534==    indirectly lost: 0 bytes in 0 blocks
==3534==      possibly lost: 0 bytes in 0 blocks
==3534==    still reachable: 552 bytes in 1 blocks
==3534==         suppressed: 0 bytes in 0 blocks
==3534== Reachable blocks (those to which a pointer was found) are not shown.
==3534== To see them, rerun with: --leak-check=full --show-leak-kinds=all
==3534== 
==3534== For counts of detected and suppressed errors, rerun with: -v
==3534== ERROR SUMMARY: 0 errors from 0 contexts (suppressed: 0 from 0)
