==24148== Memcheck, a memory error detector
==24148== Copyright (C) 2002-2017, and GNU GPL'd, by Julian Seward et al.
==24148== Using Valgrind-3.13.0 and LibVEX; rerun with -h for copyright info
==24148== Command: /rhome/m/mhadzic9/workspace/OR/ZSR2/Z10/.runme
==24148== Parent PID: 24144
==24148== 
==24148== Conditional jump or move depends on uninitialised value(s)
==24148==    at 0x108760: main (main.c:8)
==24148== 
==24148== Conditional jump or move depends on uninitialised value(s)
==24148==    at 0x108768: main (main.c:8)
==24148== 
==24148== Conditional jump or move depends on uninitialised value(s)
==24148==    at 0x1087EF: main (main.c:13)
==24148== 
==24148== Conditional jump or move depends on uninitialised value(s)
==24148==    at 0x509A8DA: vfprintf (vfprintf.c:1642)
==24148==    by 0x509C67F: buffered_vfprintf (vfprintf.c:2329)
==24148==    by 0x5099725: vfprintf (vfprintf.c:1301)
==24148==    by 0x50A2F25: printf (printf.c:33)
==24148==    by 0x108843: main (main.c:21)
==24148== 
==24148== Use of uninitialised value of size 8
==24148==    at 0x509686B: _itoa_word (_itoa.c:179)
==24148==    by 0x5099F0D: vfprintf (vfprintf.c:1642)
==24148==    by 0x509C67F: buffered_vfprintf (vfprintf.c:2329)
==24148==    by 0x5099725: vfprintf (vfprintf.c:1301)
==24148==    by 0x50A2F25: printf (printf.c:33)
==24148==    by 0x108843: main (main.c:21)
==24148== 
==24148== Conditional jump or move depends on uninitialised value(s)
==24148==    at 0x5096875: _itoa_word (_itoa.c:179)
==24148==    by 0x5099F0D: vfprintf (vfprintf.c:1642)
==24148==    by 0x509C67F: buffered_vfprintf (vfprintf.c:2329)
==24148==    by 0x5099725: vfprintf (vfprintf.c:1301)
==24148==    by 0x50A2F25: printf (printf.c:33)
==24148==    by 0x108843: main (main.c:21)
==24148== 
==24148== Conditional jump or move depends on uninitialised value(s)
==24148==    at 0x509A014: vfprintf (vfprintf.c:1642)
==24148==    by 0x509C67F: buffered_vfprintf (vfprintf.c:2329)
==24148==    by 0x5099725: vfprintf (vfprintf.c:1301)
==24148==    by 0x50A2F25: printf (printf.c:33)
==24148==    by 0x108843: main (main.c:21)
==24148== 
==24148== Conditional jump or move depends on uninitialised value(s)
==24148==    at 0x509AB4C: vfprintf (vfprintf.c:1642)
==24148==    by 0x509C67F: buffered_vfprintf (vfprintf.c:2329)
==24148==    by 0x5099725: vfprintf (vfprintf.c:1301)
==24148==    by 0x50A2F25: printf (printf.c:33)
==24148==    by 0x108843: main (main.c:21)
==24148== 
==24148== 
==24148== Process terminating with default action of signal 1 (SIGHUP)
==24148==    at 0x514E152: write (write.c:27)
==24148==    by 0x50C91BC: _IO_file_write@@GLIBC_2.2.5 (fileops.c:1203)
==24148==    by 0x50C9B2E: new_do_write (fileops.c:457)
==24148==    by 0x50C9B2E: _IO_file_xsputn@@GLIBC_2.2.5 (fileops.c:1277)
==24148==    by 0x509C706: buffered_vfprintf (vfprintf.c:2350)
==24148==    by 0x5099725: vfprintf (vfprintf.c:1301)
==24148==    by 0x50A2F25: printf (printf.c:33)
==24148==    by 0x108843: main (main.c:21)
==24148== 
==24148== HEAP SUMMARY:
==24148==     in use at exit: 0 bytes in 0 blocks
==24148==   total heap usage: 1 allocs, 1 frees, 1,024 bytes allocated
==24148== 
==24148== All heap blocks were freed -- no leaks are possible
==24148== 
==24148== For counts of detected and suppressed errors, rerun with: -v
==24148== Use --track-origins=yes to see where uninitialised values come from
==24148== ERROR SUMMARY: 18 errors from 8 contexts (suppressed: 0 from 0)
