==21059== Memcheck, a memory error detector
==21059== Copyright (C) 2002-2017, and GNU GPL'd, by Julian Seward et al.
==21059== Using Valgrind-3.13.0 and LibVEX; rerun with -h for copyright info
==21059== Command: /rhome/m/mhadzic9/workspace/OR/Z2/Z1/.runme
==21059== Parent PID: 21044
==21059== 
==21059== 
==21059== Process terminating with default action of signal 15 (SIGTERM)
==21059==    at 0x514E081: read (read.c:27)
==21059==    by 0x50CB147: _IO_file_underflow@@GLIBC_2.2.5 (fileops.c:531)
==21059==    by 0x50CC3F1: _IO_default_uflow (genops.c:380)
==21059==    by 0x50A9BE9: _IO_vfscanf (vfscanf.c:630)
==21059==    by 0x50B9FD7: __isoc99_scanf (isoc99_scanf.c:37)
==21059==    by 0x1087C4: main (main.c:9)
==21059== 
==21059== HEAP SUMMARY:
==21059==     in use at exit: 0 bytes in 0 blocks
==21059==   total heap usage: 1 allocs, 1 frees, 1,024 bytes allocated
==21059== 
==21059== All heap blocks were freed -- no leaks are possible
==21059== 
==21059== For counts of detected and suppressed errors, rerun with: -v
==21059== ERROR SUMMARY: 0 errors from 0 contexts (suppressed: 0 from 0)
