==30289== Memcheck, a memory error detector
==30289== Copyright (C) 2002-2017, and GNU GPL'd, by Julian Seward et al.
==30289== Using Valgrind-3.13.0 and LibVEX; rerun with -h for copyright info
==30289== Command: /rhome/m/mhadzic9/workspace/OR/T3/Z1/.runme
==30289== Parent PID: 30276
==30289== 
==30289== Conditional jump or move depends on uninitialised value(s)
==30289==    at 0x10876D: main (main.c:5)
==30289== 
==30289== 
==30289== Process terminating with default action of signal 1 (SIGHUP)
==30289==    at 0x514E152: write (write.c:27)
==30289==    by 0x50C91BC: _IO_file_write@@GLIBC_2.2.5 (fileops.c:1203)
==30289==    by 0x50C9B2E: new_do_write (fileops.c:457)
==30289==    by 0x50C9B2E: _IO_file_xsputn@@GLIBC_2.2.5 (fileops.c:1277)
==30289==    by 0x509C706: buffered_vfprintf (vfprintf.c:2350)
==30289==    by 0x5099725: vfprintf (vfprintf.c:1301)
==30289==    by 0x50A2F25: printf (printf.c:33)
==30289==    by 0x10874A: main (main.c:6)
==30289== 
==30289== HEAP SUMMARY:
==30289==     in use at exit: 0 bytes in 0 blocks
==30289==   total heap usage: 1 allocs, 1 frees, 1,024 bytes allocated
==30289== 
==30289== All heap blocks were freed -- no leaks are possible
==30289== 
==30289== For counts of detected and suppressed errors, rerun with: -v
==30289== Use --track-origins=yes to see where uninitialised values come from
==30289== ERROR SUMMARY: 1 errors from 1 contexts (suppressed: 0 from 0)
