==31815== Memcheck, a memory error detector
==31815== Copyright (C) 2002-2017, and GNU GPL'd, by Julian Seward et al.
==31815== Using Valgrind-3.13.0 and LibVEX; rerun with -h for copyright info
==31815== Command: /rhome/m/mhadzic9/workspace/OR/Z1/Z2/.runme
==31815== Parent PID: 31796
==31815== 
==31815== 
==31815== Process terminating with default action of signal 15 (SIGTERM)
==31815==    at 0x54EC081: read (read.c:27)
==31815==    by 0x5469147: _IO_file_underflow@@GLIBC_2.2.5 (fileops.c:531)
==31815==    by 0x546A3F1: _IO_default_uflow (genops.c:380)
==31815==    by 0x5447BE9: _IO_vfscanf (vfscanf.c:630)
==31815==    by 0x5457FD7: __isoc99_scanf (isoc99_scanf.c:37)
==31815==    by 0x108826: main (main.c:8)
==31815== 
==31815== HEAP SUMMARY:
==31815==     in use at exit: 0 bytes in 0 blocks
==31815==   total heap usage: 1 allocs, 1 frees, 1,024 bytes allocated
==31815== 
==31815== All heap blocks were freed -- no leaks are possible
==31815== 
==31815== For counts of detected and suppressed errors, rerun with: -v
==31815== ERROR SUMMARY: 0 errors from 0 contexts (suppressed: 0 from 0)
